Using pre-set license
Built from '2022.1/release' branch; Version is '2022.1.0f1 (369b620af41c) revision 3578722'; Using compiler version '192829333'; Build Type 'Release'
OS: 'Windows 11  (10.0.22621) 64bit Core' Language: 'en' Physical Memory: 16330 MB
BatchMode: 1, IsHumanControllingUs: 0, StartBugReporterOnCrash: 0, Is64bit: 1, IsPro: 1

COMMAND LINE ARGUMENTS:
C:\Program Files\Unity\Hub\Editor\2022.1.0f1\Editor\Unity.exe
-adb2
-batchMode
-noUpm
-name
AssetImportWorker2
-projectPath
C:/Users/berka/Desktop/RPG Project
-logFile
Logs/AssetImportWorker2.log
-srvPort
50127
Successfully changed project path to: C:/Users/berka/Desktop/RPG Project
C:/Users/berka/Desktop/RPG Project
[UnityMemory] Configuration Parameters - Can be set up in boot.config
    "memorysetup-bucket-allocator-granularity=16"
    "memorysetup-bucket-allocator-bucket-count=8"
    "memorysetup-bucket-allocator-block-size=33554432"
    "memorysetup-bucket-allocator-block-count=8"
    "memorysetup-main-allocator-block-size=16777216"
    "memorysetup-thread-allocator-block-size=16777216"
    "memorysetup-gfx-main-allocator-block-size=16777216"
    "memorysetup-gfx-thread-allocator-block-size=16777216"
    "memorysetup-cache-allocator-block-size=4194304"
    "memorysetup-typetree-allocator-block-size=2097152"
    "memorysetup-profiler-bucket-allocator-granularity=16"
    "memorysetup-profiler-bucket-allocator-bucket-count=8"
    "memorysetup-profiler-bucket-allocator-block-size=33554432"
    "memorysetup-profiler-bucket-allocator-block-count=8"
    "memorysetup-profiler-allocator-block-size=16777216"
    "memorysetup-profiler-editor-allocator-block-size=1048576"
    "memorysetup-temp-allocator-size-main=16777216"
    "memorysetup-job-temp-allocator-block-size=2097152"
    "memorysetup-job-temp-allocator-block-size-background=1048576"
    "memorysetup-job-temp-allocator-reduction-small-platforms=262144"
    "memorysetup-temp-allocator-size-background-worker=32768"
    "memorysetup-temp-allocator-size-job-worker=262144"
    "memorysetup-temp-allocator-size-preload-manager=33554432"
    "memorysetup-temp-allocator-size-nav-mesh-worker=65536"
    "memorysetup-temp-allocator-size-audio-worker=65536"
    "memorysetup-temp-allocator-size-cloud-worker=32768"
    "memorysetup-temp-allocator-size-gi-baking-worker=262144"
    "memorysetup-temp-allocator-size-gfx=262144"
Refreshing native plugins compatible for Editor in 62.95 ms, found 2 plugins.
Preloading 0 native plugins for Editor in 0.00 ms.
Initialize engine version: 2022.1.0f1 (369b620af41c)
[Subsystems] Discovering subsystems at path C:/Program Files/Unity/Hub/Editor/2022.1.0f1/Editor/Data/Resources/UnitySubsystems
[Subsystems] Discovering subsystems at path C:/Users/berka/Desktop/RPG Project/Assets
GfxDevice: creating device client; threaded=0; jobified=0
Direct3D:
    Version:  Direct3D 11.0 [level 11.1]
    Renderer: NVIDIA GeForce RTX 2060 SUPER (ID=0x1f06)
    Vendor:   NVIDIA
    VRAM:     8019 MB
    Driver:   31.0.15.3598
Initialize mono
Mono path[0] = 'C:/Program Files/Unity/Hub/Editor/2022.1.0f1/Editor/Data/Managed'
Mono path[1] = 'C:/Program Files/Unity/Hub/Editor/2022.1.0f1/Editor/Data/MonoBleedingEdge/lib/mono/unityjit-win32'
Mono config path = 'C:/Program Files/Unity/Hub/Editor/2022.1.0f1/Editor/Data/MonoBleedingEdge/etc'
Using monoOptions --debugger-agent=transport=dt_socket,embedding=1,server=y,suspend=n,address=127.0.0.1:56296
Begin MonoManager ReloadAssembly
Registering precompiled unity dll's ...
Trying to register platform support module: C:/Program Files/Unity/Hub/Editor/2022.1.0f1/Editor/Data/PlaybackEngines/WebGLSupport/UnityEditor.WebGL.Extensions.dll (that doesn't exist). Retrying without overrides.
Platform support module is not available: C:/Program Files/Unity/Hub/Editor/2022.1.0f1/Editor/Data/PlaybackEngines/WebGLSupport/UnityEditor.WebGL.Extensions.dll
Register platform support module: C:/Program Files/Unity/Hub/Editor/2022.1.0f1/Editor/Data/PlaybackEngines/WindowsStandaloneSupport/UnityEditor.WindowsStandalone.Extensions.dll
Registered in 0.005311 seconds.
Native extension for WindowsStandalone target not found
Refreshing native plugins compatible for Editor in 50.19 ms, found 2 plugins.
Preloading 0 native plugins for Editor in 0.00 ms.
Mono: successfully reloaded assembly
- Completed reload, in  0.578 seconds
Domain Reload Profiling:
	ReloadAssembly (578ms)
		BeginReloadAssembly (68ms)
			ExecutionOrderSort (0ms)
			DisableScriptedObjects (0ms)
			BackupInstance (0ms)
			ReleaseScriptingObjects (0ms)
			CreateAndSetChildDomain (1ms)
		EndReloadAssembly (406ms)
			LoadAssemblies (66ms)
			RebuildTransferFunctionScriptingTraits (0ms)
			SetupTypeCache (105ms)
				TypeCache.Initialize (104ms)
					TypeCache.ScanAssembly (102ms)
				ResolveRequiredComponents (0ms)
			ReleaseScriptCaches (0ms)
			RebuildScriptCaches (26ms)
			SetupLoadedEditorAssemblies (230ms)
				LogAssemblyErrors (0ms)
				InitializePlatformSupportModulesInManaged (6ms)
				SetLoadedEditorAssemblies (6ms)
				RefreshPlugins (50ms)
				BeforeProcessingInitializeOnLoad (1ms)
				ProcessInitializeOnLoadAttributes (123ms)
				ProcessInitializeOnLoadMethodAttributes (43ms)
				AfterProcessingInitializeOnLoad (0ms)
				EditorAssembliesLoaded (0ms)
			ExecutionOrderSort2 (0ms)
			AwakeInstancesAfterBackupRestoration (0ms)
Platform modules already initialized, skipping
Registering precompiled user dll's ...
Registered in 0.002879 seconds.
Begin MonoManager ReloadAssembly
Native extension for WindowsStandalone target not found
Refreshing native plugins compatible for Editor in 0.80 ms, found 2 plugins.
Preloading 0 native plugins for Editor in 0.00 ms.
Package Manager log level set to [2]
[Package Manager] Server::EnsureServerProcessIsRunning -- launch failed, reason: Unity was launched with the -noUpm command-line argument
[Package Manager] UpmClient::Send -- Unable to send message (not connected to UPM process).
[Package Manager] Cannot connect to Unity Package Manager local server
Mono: successfully reloaded assembly
- Completed reload, in  0.970 seconds
Domain Reload Profiling:
	ReloadAssembly (971ms)
		BeginReloadAssembly (100ms)
			ExecutionOrderSort (0ms)
			DisableScriptedObjects (5ms)
			BackupInstance (0ms)
			ReleaseScriptingObjects (0ms)
			CreateAndSetChildDomain (20ms)
		EndReloadAssembly (764ms)
			LoadAssemblies (65ms)
			RebuildTransferFunctionScriptingTraits (0ms)
			SetupTypeCache (196ms)
				TypeCache.Initialize (193ms)
					TypeCache.ScanAssembly (189ms)
				ResolveRequiredComponents (4ms)
			ReleaseScriptCaches (1ms)
			RebuildScriptCaches (46ms)
			SetupLoadedEditorAssemblies (405ms)
				LogAssemblyErrors (0ms)
				InitializePlatformSupportModulesInManaged (4ms)
				SetLoadedEditorAssemblies (6ms)
				RefreshPlugins (1ms)
				BeforeProcessingInitializeOnLoad (61ms)
				ProcessInitializeOnLoadAttributes (209ms)
				ProcessInitializeOnLoadMethodAttributes (118ms)
				AfterProcessingInitializeOnLoad (6ms)
				EditorAssembliesLoaded (0ms)
			ExecutionOrderSort2 (0ms)
			AwakeInstancesAfterBackupRestoration (5ms)
Platform modules already initialized, skipping
========================================================================
Worker process is ready to serve import requests
Launched and connected shader compiler UnityShaderCompiler.exe after 0.04 seconds
Refreshing native plugins compatible for Editor in 0.80 ms, found 2 plugins.
Preloading 0 native plugins for Editor in 0.00 ms.
Unloading 2424 Unused Serialized files (Serialized files now loaded: 0)
Unloading 60 unused Assets / (130.7 KB). Loaded Objects now: 2888.
Memory consumption went from 400.1 MB to 400.0 MB.
Total: 9.434100 ms (FindLiveObjects: 0.472300 ms CreateObjectMapping: 0.095500 ms MarkObjects: 8.664100 ms  DeleteObjects: 0.199700 ms)

AssetImportParameters requested are different than current active one (requested -> active):
  custom:video-decoder-ogg-theora: a1e56fd34408186e4bbccfd4996cb3dc -> 
  custom:container-muxer-webm: aa71ff27fc2769a1b78a27578f13a17b -> 
  custom:container-demuxer-webm: 4f35f7cbe854078d1ac9338744f61a02 -> 
  custom:video-encoder-webm-vp8: eb34c28f22e8b96e1ab97ce403110664 -> 
  custom:video-codec-MediaFoundation-h265: 746d11721c4dcdbdad8f713fa42b33f4 -> 
  custom:audio-encoder-webm-vorbis: bf7c407c2cedff20999df2af8eb42d56 -> 
  custom:framework-win-MediaFoundation: 216162199b28c13a410421893ffa2e32 -> 
  custom:container-demuxer-ogg: 62fdf1f143b41e24485cea50d1cbac27 -> 
  custom:video-decoder-webm-vp8: 9c59270c3fd7afecdb556c50c9e8de78 -> 
  custom:audio-decoder-ogg-vorbis: bf7c407c2cedff20999df2af8eb42d56 -> 
========================================================================
Received Import Request.
  Time since last request: 537.573749 seconds.
  path: Assets/Asset Packs/Terrain Textures/TT_Green Grass.BMP
  artifactKey: Guid(97fbaf45bf3e43b45ba4cb8c6873bb51) Importer(815301076,1909f56bfc062723c751e8b465ee728b)
Start importing Assets/Asset Packs/Terrain Textures/TT_Green Grass.BMP using Guid(97fbaf45bf3e43b45ba4cb8c6873bb51) Importer(815301076,1909f56bfc062723c751e8b465ee728b)  -> (artifact id: '48398b75156991305a824162bb8fcda4') in 0.059938 seconds 
========================================================================
Received Import Request.
  Time since last request: 2.235619 seconds.
  path: Assets/Asset Packs/Terrain Textures/TT_Brown Dirt.BMP
  artifactKey: Guid(3c31f7cb4de039848a73c7f61c59707f) Importer(815301076,1909f56bfc062723c751e8b465ee728b)
Start importing Assets/Asset Packs/Terrain Textures/TT_Brown Dirt.BMP using Guid(3c31f7cb4de039848a73c7f61c59707f) Importer(815301076,1909f56bfc062723c751e8b465ee728b)  -> (artifact id: 'cc9f39e1394292514d11c349778b9552') in 0.017377 seconds 
========================================================================
Received Import Request.
  Time since last request: 3.529905 seconds.
  path: Assets/Asset Packs/Terrain Textures/TT_Light Green Grass.BMP
  artifactKey: Guid(8b6712a039f2cf24fb0cb22f5be29af8) Importer(815301076,1909f56bfc062723c751e8b465ee728b)
Start importing Assets/Asset Packs/Terrain Textures/TT_Light Green Grass.BMP using Guid(8b6712a039f2cf24fb0cb22f5be29af8) Importer(815301076,1909f56bfc062723c751e8b465ee728b)  -> (artifact id: 'a741de1541588de0896f3d6aa5464de8') in 0.017188 seconds 
========================================================================
Received Import Request.
  Time since last request: 180.493661 seconds.
  path: Assets/Asset Packs/Not For Student Use - licence required/Environments - Misc other assets/Village/Arched Wooden Bridge.prefab
  artifactKey: Guid(0cd18ae881f22c9479adbcdb17e0dd99) Importer(815301076,1909f56bfc062723c751e8b465ee728b)
Start importing Assets/Asset Packs/Not For Student Use - licence required/Environments - Misc other assets/Village/Arched Wooden Bridge.prefab using Guid(0cd18ae881f22c9479adbcdb17e0dd99) Importer(815301076,1909f56bfc062723c751e8b465ee728b)  -> (artifact id: '46db9b6ffce4c7bc795d456bb69792e6') in 0.033604 seconds 
========================================================================
Received Import Request.
  Time since last request: 0.000021 seconds.
  path: Assets/Game/Projectiles/Arrow Projectile Red.prefab
  artifactKey: Guid(99598503be557804ea429131ed35df20) Importer(815301076,1909f56bfc062723c751e8b465ee728b)
Start importing Assets/Game/Projectiles/Arrow Projectile Red.prefab using Guid(99598503be557804ea429131ed35df20) Importer(815301076,1909f56bfc062723c751e8b465ee728b)  -> (artifact id: 'a98e92405b566536c18f9ec72e51fb0c') in 0.191489 seconds 
========================================================================
Received Import Request.
  Time since last request: 0.000033 seconds.
  path: Assets/Asset Packs/Not For Student Use - licence required/Environments - Misc other assets/Village/Components/Barn.fbx
  artifactKey: Guid(3cf124b08c52bb34980539e3c5721942) Importer(815301076,1909f56bfc062723c751e8b465ee728b)
Start importing Assets/Asset Packs/Not For Student Use - licence required/Environments - Misc other assets/Village/Components/Barn.fbx using Guid(3cf124b08c52bb34980539e3c5721942) Importer(815301076,1909f56bfc062723c751e8b465ee728b)  -> (artifact id: '18b18d48534ae84d3c5e859abfaefde1') in 0.041772 seconds 
========================================================================
Received Import Request.
  Time since last request: 0.000026 seconds.
  path: Assets/Game/Projectiles/Arrow Projectile Blue.prefab
  artifactKey: Guid(499ef6d15935cba45a408016592b8dbc) Importer(815301076,1909f56bfc062723c751e8b465ee728b)
Start importing Assets/Game/Projectiles/Arrow Projectile Blue.prefab using Guid(499ef6d15935cba45a408016592b8dbc) Importer(815301076,1909f56bfc062723c751e8b465ee728b)  -> (artifact id: '3581b91022a214eb5b1e2465ec3bd5f8') in 0.024367 seconds 
========================================================================
Received Import Request.
  Time since last request: 0.000030 seconds.
  path: Assets/Asset Packs/Not For Student Use - licence required/Environments - Misc other assets/Village/Barn.prefab
  artifactKey: Guid(0e76e7df93286634b96ff3b8c4fc5d81) Importer(815301076,1909f56bfc062723c751e8b465ee728b)
Start importing Assets/Asset Packs/Not For Student Use - licence required/Environments - Misc other assets/Village/Barn.prefab using Guid(0e76e7df93286634b96ff3b8c4fc5d81) Importer(815301076,1909f56bfc062723c751e8b465ee728b)  -> (artifact id: '3ba81bab65fdd65fb22b61af654d9428') in 0.167003 seconds 
========================================================================
Received Import Request.
  Time since last request: 0.000033 seconds.
  path: Assets/Game/Pickups/Bow Pickup.prefab
  artifactKey: Guid(ac69203953cc455488ca93485a71e0f9) Importer(815301076,1909f56bfc062723c751e8b465ee728b)
Start importing Assets/Game/Pickups/Bow Pickup.prefab using Guid(ac69203953cc455488ca93485a71e0f9) Importer(815301076,1909f56bfc062723c751e8b465ee728b)  -> (artifact id: '961b63a70dd88a924b9dd8487540723e') in 0.062747 seconds 
========================================================================
Received Import Request.
  Time since last request: 0.000025 seconds.
  path: Assets/Game/Effects/Arrow Impact Effect.prefab
  artifactKey: Guid(aead7987579702545ade89f549b33e0f) Importer(815301076,1909f56bfc062723c751e8b465ee728b)
Start importing Assets/Game/Effects/Arrow Impact Effect.prefab using Guid(aead7987579702545ade89f549b33e0f) Importer(815301076,1909f56bfc062723c751e8b465ee728b)  -> (artifact id: 'aef63a42eaa3663a828e8751bf4597eb') in 0.048286 seconds 
Editor requested this worker to shutdown with reason: Scaling down because of idle timeout
AssetImportWorker is now disconnected from the server
Process exiting
Exiting without the bug reporter. Application will terminate with return code 0