Using pre-set license
Built from '2022.1/release' branch; Version is '2022.1.0f1 (369b620af41c) revision 3578722'; Using compiler version '192829333'; Build Type 'Release'
OS: 'Windows 11  (10.0.22621) 64bit Core' Language: 'en' Physical Memory: 16330 MB
BatchMode: 1, IsHumanControllingUs: 0, StartBugReporterOnCrash: 0, Is64bit: 1, IsPro: 1

COMMAND LINE ARGUMENTS:
C:\Program Files\Unity\Hub\Editor\2022.1.0f1\Editor\Unity.exe
-adb2
-batchMode
-noUpm
-name
AssetImportWorker5
-projectPath
C:/Users/berka/Desktop/RPG Project
-logFile
Logs/AssetImportWorker5.log
-srvPort
50127
Successfully changed project path to: C:/Users/berka/Desktop/RPG Project
C:/Users/berka/Desktop/RPG Project
[UnityMemory] Configuration Parameters - Can be set up in boot.config
    "memorysetup-bucket-allocator-granularity=16"
    "memorysetup-bucket-allocator-bucket-count=8"
    "memorysetup-bucket-allocator-block-size=33554432"
    "memorysetup-bucket-allocator-block-count=8"
    "memorysetup-main-allocator-block-size=16777216"
    "memorysetup-thread-allocator-block-size=16777216"
    "memorysetup-gfx-main-allocator-block-size=16777216"
    "memorysetup-gfx-thread-allocator-block-size=16777216"
    "memorysetup-cache-allocator-block-size=4194304"
    "memorysetup-typetree-allocator-block-size=2097152"
    "memorysetup-profiler-bucket-allocator-granularity=16"
    "memorysetup-profiler-bucket-allocator-bucket-count=8"
    "memorysetup-profiler-bucket-allocator-block-size=33554432"
    "memorysetup-profiler-bucket-allocator-block-count=8"
    "memorysetup-profiler-allocator-block-size=16777216"
    "memorysetup-profiler-editor-allocator-block-size=1048576"
    "memorysetup-temp-allocator-size-main=16777216"
    "memorysetup-job-temp-allocator-block-size=2097152"
    "memorysetup-job-temp-allocator-block-size-background=1048576"
    "memorysetup-job-temp-allocator-reduction-small-platforms=262144"
    "memorysetup-temp-allocator-size-background-worker=32768"
    "memorysetup-temp-allocator-size-job-worker=262144"
    "memorysetup-temp-allocator-size-preload-manager=33554432"
    "memorysetup-temp-allocator-size-nav-mesh-worker=65536"
    "memorysetup-temp-allocator-size-audio-worker=65536"
    "memorysetup-temp-allocator-size-cloud-worker=32768"
    "memorysetup-temp-allocator-size-gi-baking-worker=262144"
    "memorysetup-temp-allocator-size-gfx=262144"
Refreshing native plugins compatible for Editor in 56.13 ms, found 2 plugins.
Preloading 0 native plugins for Editor in 0.00 ms.
Initialize engine version: 2022.1.0f1 (369b620af41c)
[Subsystems] Discovering subsystems at path C:/Program Files/Unity/Hub/Editor/2022.1.0f1/Editor/Data/Resources/UnitySubsystems
[Subsystems] Discovering subsystems at path C:/Users/berka/Desktop/RPG Project/Assets
GfxDevice: creating device client; threaded=0; jobified=0
Direct3D:
    Version:  Direct3D 11.0 [level 11.1]
    Renderer: NVIDIA GeForce RTX 2060 SUPER (ID=0x1f06)
    Vendor:   NVIDIA
    VRAM:     8019 MB
    Driver:   31.0.15.3598
Initialize mono
Mono path[0] = 'C:/Program Files/Unity/Hub/Editor/2022.1.0f1/Editor/Data/Managed'
Mono path[1] = 'C:/Program Files/Unity/Hub/Editor/2022.1.0f1/Editor/Data/MonoBleedingEdge/lib/mono/unityjit-win32'
Mono config path = 'C:/Program Files/Unity/Hub/Editor/2022.1.0f1/Editor/Data/MonoBleedingEdge/etc'
Using monoOptions --debugger-agent=transport=dt_socket,embedding=1,server=y,suspend=n,address=127.0.0.1:56212
Begin MonoManager ReloadAssembly
Registering precompiled unity dll's ...
Trying to register platform support module: C:/Program Files/Unity/Hub/Editor/2022.1.0f1/Editor/Data/PlaybackEngines/WebGLSupport/UnityEditor.WebGL.Extensions.dll (that doesn't exist). Retrying without overrides.
Platform support module is not available: C:/Program Files/Unity/Hub/Editor/2022.1.0f1/Editor/Data/PlaybackEngines/WebGLSupport/UnityEditor.WebGL.Extensions.dll
Register platform support module: C:/Program Files/Unity/Hub/Editor/2022.1.0f1/Editor/Data/PlaybackEngines/WindowsStandaloneSupport/UnityEditor.WindowsStandalone.Extensions.dll
Registered in 0.004926 seconds.
Native extension for WindowsStandalone target not found
Refreshing native plugins compatible for Editor in 49.19 ms, found 2 plugins.
Preloading 0 native plugins for Editor in 0.00 ms.
Mono: successfully reloaded assembly
- Completed reload, in  0.554 seconds
Domain Reload Profiling:
	ReloadAssembly (555ms)
		BeginReloadAssembly (67ms)
			ExecutionOrderSort (0ms)
			DisableScriptedObjects (0ms)
			BackupInstance (0ms)
			ReleaseScriptingObjects (0ms)
			CreateAndSetChildDomain (1ms)
		EndReloadAssembly (387ms)
			LoadAssemblies (66ms)
			RebuildTransferFunctionScriptingTraits (0ms)
			SetupTypeCache (102ms)
				TypeCache.Initialize (102ms)
					TypeCache.ScanAssembly (100ms)
				ResolveRequiredComponents (0ms)
			ReleaseScriptCaches (0ms)
			RebuildScriptCaches (23ms)
			SetupLoadedEditorAssemblies (216ms)
				LogAssemblyErrors (0ms)
				InitializePlatformSupportModulesInManaged (6ms)
				SetLoadedEditorAssemblies (6ms)
				RefreshPlugins (49ms)
				BeforeProcessingInitializeOnLoad (1ms)
				ProcessInitializeOnLoadAttributes (115ms)
				ProcessInitializeOnLoadMethodAttributes (39ms)
				AfterProcessingInitializeOnLoad (0ms)
				EditorAssembliesLoaded (0ms)
			ExecutionOrderSort2 (0ms)
			AwakeInstancesAfterBackupRestoration (0ms)
Platform modules already initialized, skipping
Registering precompiled user dll's ...
Registered in 0.002929 seconds.
Begin MonoManager ReloadAssembly
Native extension for WindowsStandalone target not found
Refreshing native plugins compatible for Editor in 0.79 ms, found 2 plugins.
Preloading 0 native plugins for Editor in 0.00 ms.
Package Manager log level set to [2]
[Package Manager] Server::EnsureServerProcessIsRunning -- launch failed, reason: Unity was launched with the -noUpm command-line argument
[Package Manager] UpmClient::Send -- Unable to send message (not connected to UPM process).
[Package Manager] Cannot connect to Unity Package Manager local server
Mono: successfully reloaded assembly
- Completed reload, in  0.969 seconds
Domain Reload Profiling:
	ReloadAssembly (970ms)
		BeginReloadAssembly (100ms)
			ExecutionOrderSort (0ms)
			DisableScriptedObjects (5ms)
			BackupInstance (0ms)
			ReleaseScriptingObjects (0ms)
			CreateAndSetChildDomain (18ms)
		EndReloadAssembly (767ms)
			LoadAssemblies (66ms)
			RebuildTransferFunctionScriptingTraits (0ms)
			SetupTypeCache (187ms)
				TypeCache.Initialize (183ms)
					TypeCache.ScanAssembly (180ms)
				ResolveRequiredComponents (4ms)
			ReleaseScriptCaches (1ms)
			RebuildScriptCaches (45ms)
			SetupLoadedEditorAssemblies (427ms)
				LogAssemblyErrors (0ms)
				InitializePlatformSupportModulesInManaged (4ms)
				SetLoadedEditorAssemblies (6ms)
				RefreshPlugins (1ms)
				BeforeProcessingInitializeOnLoad (67ms)
				ProcessInitializeOnLoadAttributes (221ms)
				ProcessInitializeOnLoadMethodAttributes (122ms)
				AfterProcessingInitializeOnLoad (6ms)
				EditorAssembliesLoaded (0ms)
			ExecutionOrderSort2 (0ms)
			AwakeInstancesAfterBackupRestoration (5ms)
Platform modules already initialized, skipping
========================================================================
Worker process is ready to serve import requests
Launched and connected shader compiler UnityShaderCompiler.exe after 0.04 seconds
Refreshing native plugins compatible for Editor in 0.83 ms, found 2 plugins.
Preloading 0 native plugins for Editor in 0.00 ms.
Unloading 2424 Unused Serialized files (Serialized files now loaded: 0)
Unloading 60 unused Assets / (130.8 KB). Loaded Objects now: 2892.
Memory consumption went from 400.4 MB to 400.3 MB.
Total: 6.722300 ms (FindLiveObjects: 0.478500 ms CreateObjectMapping: 0.091900 ms MarkObjects: 6.032600 ms  DeleteObjects: 0.117400 ms)

AssetImportParameters requested are different than current active one (requested -> active):
  custom:video-decoder-ogg-theora: a1e56fd34408186e4bbccfd4996cb3dc -> 
  custom:container-muxer-webm: aa71ff27fc2769a1b78a27578f13a17b -> 
  custom:container-demuxer-webm: 4f35f7cbe854078d1ac9338744f61a02 -> 
  custom:video-encoder-webm-vp8: eb34c28f22e8b96e1ab97ce403110664 -> 
  custom:video-codec-MediaFoundation-h265: 746d11721c4dcdbdad8f713fa42b33f4 -> 
  custom:audio-encoder-webm-vorbis: bf7c407c2cedff20999df2af8eb42d56 -> 
  custom:framework-win-MediaFoundation: 216162199b28c13a410421893ffa2e32 -> 
  custom:container-demuxer-ogg: 62fdf1f143b41e24485cea50d1cbac27 -> 
  custom:video-decoder-webm-vp8: 9c59270c3fd7afecdb556c50c9e8de78 -> 
  custom:audio-decoder-ogg-vorbis: bf7c407c2cedff20999df2af8eb42d56 -> 
========================================================================
Received Import Request.
  Time since last request: 954.260359 seconds.
  path: Assets/Asset Packs/Not For Student Use - licence required/Synty Asset Packs - Commercial licence required/PolygonAdventure/Models/SM_Env_TreeBirch_01.fbx
  artifactKey: Guid(ee23074218a901f45b8826e1bdfdf610) Importer(815301076,1909f56bfc062723c751e8b465ee728b)
Start importing Assets/Asset Packs/Not For Student Use - licence required/Synty Asset Packs - Commercial licence required/PolygonAdventure/Models/SM_Env_TreeBirch_01.fbx using Guid(ee23074218a901f45b8826e1bdfdf610) Importer(815301076,1909f56bfc062723c751e8b465ee728b)  -> (artifact id: 'c2a74ee1053de6625d6080013e0f4284') in 0.142285 seconds 
========================================================================
Received Import Request.
  Time since last request: 0.000018 seconds.
  path: Assets/Asset Packs/Not For Student Use - licence required/Synty Asset Packs - Commercial licence required/PolygonAdventure/Models/SM_Env_TreeBirch_03.fbx
  artifactKey: Guid(53db9fd4aca71a249bea37848ef55722) Importer(815301076,1909f56bfc062723c751e8b465ee728b)
Start importing Assets/Asset Packs/Not For Student Use - licence required/Synty Asset Packs - Commercial licence required/PolygonAdventure/Models/SM_Env_TreeBirch_03.fbx using Guid(53db9fd4aca71a249bea37848ef55722) Importer(815301076,1909f56bfc062723c751e8b465ee728b)  -> (artifact id: '303a01befc6a64a42cdbbc3361abd8f9') in 0.019010 seconds 
========================================================================
Received Import Request.
  Time since last request: 11.031681 seconds.
  path: Assets/Asset Packs/Not For Student Use - licence required/Prefabs from prototype/Zone 4 - Castle.prefab
  artifactKey: Guid(457ca64c3b6b5244485adab2cc465766) Importer(815301076,1909f56bfc062723c751e8b465ee728b)
Start importing Assets/Asset Packs/Not For Student Use - licence required/Prefabs from prototype/Zone 4 - Castle.prefab using Guid(457ca64c3b6b5244485adab2cc465766) Importer(815301076,1909f56bfc062723c751e8b465ee728b)  -> (artifact id: '7e26b60cb5d3c7dd6f0e67a2abff6395') in 0.365799 seconds 
========================================================================
Received Import Request.
  Time since last request: 173.977238 seconds.
  path: Assets/Asset Packs/Not For Student Use - licence required/Environments - Misc other assets/Village/Components/Cart.fbx
  artifactKey: Guid(41b064f1fc45e80499966f5faf36d86e) Importer(815301076,1909f56bfc062723c751e8b465ee728b)
Start importing Assets/Asset Packs/Not For Student Use - licence required/Environments - Misc other assets/Village/Components/Cart.fbx using Guid(41b064f1fc45e80499966f5faf36d86e) Importer(815301076,1909f56bfc062723c751e8b465ee728b)  -> (artifact id: 'a351319eec0c15125d6bcbfb8039ffa5') in 0.021284 seconds 
========================================================================
Received Import Request.
  Time since last request: 0.037956 seconds.
  path: Assets/Asset Packs/Not For Student Use - licence required/Environments - Misc other assets/Village/Castle Entry Bridge.prefab
  artifactKey: Guid(0db5fdd3fc0a1a144a3ab6d5230807fb) Importer(815301076,1909f56bfc062723c751e8b465ee728b)
Start importing Assets/Asset Packs/Not For Student Use - licence required/Environments - Misc other assets/Village/Castle Entry Bridge.prefab using Guid(0db5fdd3fc0a1a144a3ab6d5230807fb) Importer(815301076,1909f56bfc062723c751e8b465ee728b)  -> (artifact id: 'f398c216746b14c4e3cf32e9e70b419a') in 0.246090 seconds 
========================================================================
Received Import Request.
  Time since last request: 0.124484 seconds.
  path: Assets/Asset Packs/Synty - Polygon Student Sample/Models/Characters_POLYGON_Knights.fbx
  artifactKey: Guid(d288a0e4a2d923b46898986e979da643) Importer(815301076,1909f56bfc062723c751e8b465ee728b)
Start importing Assets/Asset Packs/Synty - Polygon Student Sample/Models/Characters_POLYGON_Knights.fbx using Guid(d288a0e4a2d923b46898986e979da643) Importer(815301076,1909f56bfc062723c751e8b465ee728b)  -> (artifact id: 'c729940d2538380ddf736eb6643b90cb') in 0.065120 seconds 
========================================================================
Received Import Request.
  Time since last request: 0.000017 seconds.
  path: Assets/Asset Packs/Not For Student Use - licence required/Environments - Misc other assets/Village/Chopping Stump And Logs.prefab
  artifactKey: Guid(3b1657df01f800641ad39da965d63e08) Importer(815301076,1909f56bfc062723c751e8b465ee728b)
Start importing Assets/Asset Packs/Not For Student Use - licence required/Environments - Misc other assets/Village/Chopping Stump And Logs.prefab using Guid(3b1657df01f800641ad39da965d63e08) Importer(815301076,1909f56bfc062723c751e8b465ee728b)  -> (artifact id: '17dc983cd1b84f9d4d529d342295f23e') in 0.018939 seconds 
========================================================================
Received Import Request.
  Time since last request: 0.673021 seconds.
  path: Assets/Asset Packs/SimpleSky/_Models/Cloud_01.fbx
  artifactKey: Guid(d6a294bdf7386d64f8c846e5ac334ffa) Importer(815301076,1909f56bfc062723c751e8b465ee728b)
Start importing Assets/Asset Packs/SimpleSky/_Models/Cloud_01.fbx using Guid(d6a294bdf7386d64f8c846e5ac334ffa) Importer(815301076,1909f56bfc062723c751e8b465ee728b)  -> (artifact id: '50dcfd494a18fc4ecb143bbc35ee0d75') in 0.018811 seconds 
========================================================================
Received Import Request.
  Time since last request: 0.000487 seconds.
  path: Assets/Asset Packs/SimpleSky/_Models/Cloud_02.fbx
  artifactKey: Guid(c943ee3841fcbd94d9630c5e4529b603) Importer(815301076,1909f56bfc062723c751e8b465ee728b)
Start importing Assets/Asset Packs/SimpleSky/_Models/Cloud_02.fbx using Guid(c943ee3841fcbd94d9630c5e4529b603) Importer(815301076,1909f56bfc062723c751e8b465ee728b)  -> (artifact id: 'dded09d7222fcce1d17d9b373ac5806e') in 0.019065 seconds 
========================================================================
Received Import Request.
  Time since last request: 0.267237 seconds.
  path: Assets/Asset Packs/SimpleSky/_Prefabs/Cloud_03.prefab
  artifactKey: Guid(2df72ec125264584faa40cb1beef0481) Importer(815301076,1909f56bfc062723c751e8b465ee728b)
Start importing Assets/Asset Packs/SimpleSky/_Prefabs/Cloud_03.prefab using Guid(2df72ec125264584faa40cb1beef0481) Importer(815301076,1909f56bfc062723c751e8b465ee728b)  -> (artifact id: 'fcf2e0db35de6f44d9fd1f0c6b5e8770') in 0.021061 seconds 
========================================================================
Received Import Request.
  Time since last request: 0.030383 seconds.
  path: Assets/Asset Packs/SimpleSky/_Prefabs/Cloud_04.prefab
  artifactKey: Guid(420bde364644a314396dc8ed24ee99d6) Importer(815301076,1909f56bfc062723c751e8b465ee728b)
Start importing Assets/Asset Packs/SimpleSky/_Prefabs/Cloud_04.prefab using Guid(420bde364644a314396dc8ed24ee99d6) Importer(815301076,1909f56bfc062723c751e8b465ee728b)  -> (artifact id: '84ca43803b97c03aadb26ed871b0f570') in 0.020503 seconds 
========================================================================
Received Import Request.
  Time since last request: 1.008079 seconds.
  path: Assets/Asset Packs/Not For Student Use - licence required/Environments - Misc other assets/Village/Crate 1.prefab
  artifactKey: Guid(e16837f04a71f5a48bda5fb84c7d059b) Importer(815301076,1909f56bfc062723c751e8b465ee728b)
Start importing Assets/Asset Packs/Not For Student Use - licence required/Environments - Misc other assets/Village/Crate 1.prefab using Guid(e16837f04a71f5a48bda5fb84c7d059b) Importer(815301076,1909f56bfc062723c751e8b465ee728b)  -> (artifact id: '87cc9565c27b10f681aeffc628ef92f3') in 0.018695 seconds 
========================================================================
Received Import Request.
  Time since last request: 0.000030 seconds.
  path: Assets/Asset Packs/GameDev.tv Assets/Hoe/Prefab/Dirty Old Hoe.prefab
  artifactKey: Guid(cc0dbe33ee8adbe4eb124e2d95d37fe4) Importer(815301076,1909f56bfc062723c751e8b465ee728b)
Start importing Assets/Asset Packs/GameDev.tv Assets/Hoe/Prefab/Dirty Old Hoe.prefab using Guid(cc0dbe33ee8adbe4eb124e2d95d37fe4) Importer(815301076,1909f56bfc062723c751e8b465ee728b)  -> (artifact id: '54411aef74e14150305fb041caa61dd3') in 0.027320 seconds 
========================================================================
Received Import Request.
  Time since last request: 0.000028 seconds.
  path: Assets/Game/Effects/Fairy Dust Particles.prefab
  artifactKey: Guid(831654dbd3bbdff45a087fa79b7c2506) Importer(815301076,1909f56bfc062723c751e8b465ee728b)
Start importing Assets/Game/Effects/Fairy Dust Particles.prefab using Guid(831654dbd3bbdff45a087fa79b7c2506) Importer(815301076,1909f56bfc062723c751e8b465ee728b)  -> (artifact id: 'f3d763622472d2dc2bb4bcb1e439a69a') in 0.051118 seconds 
========================================================================
Received Import Request.
  Time since last request: 0.000020 seconds.
  path: Assets/Game/Weapons/Unarmed/Equipped Unarmed.prefab
  artifactKey: Guid(8786ea0ff0548a84f927488b94467170) Importer(815301076,1909f56bfc062723c751e8b465ee728b)
Start importing Assets/Game/Weapons/Unarmed/Equipped Unarmed.prefab using Guid(8786ea0ff0548a84f927488b94467170) Importer(815301076,1909f56bfc062723c751e8b465ee728b)  -> (artifact id: '5a78ca80ad1a5818a5dafb7da0e9c46b') in 0.010565 seconds 
========================================================================
Received Import Request.
  Time since last request: 0.792757 seconds.
  path: Assets/Asset Packs/Not For Student Use - licence required/Synty Asset Packs - Commercial licence required/PolygonAdventure/Models/SM_Env_Rock_012.fbx
  artifactKey: Guid(8d9b4d028710f3f43871db66bf6965c7) Importer(815301076,1909f56bfc062723c751e8b465ee728b)
Start importing Assets/Asset Packs/Not For Student Use - licence required/Synty Asset Packs - Commercial licence required/PolygonAdventure/Models/SM_Env_Rock_012.fbx using Guid(8d9b4d028710f3f43871db66bf6965c7) Importer(815301076,1909f56bfc062723c751e8b465ee728b)  -> (artifact id: '0acde6175359a029a0727a3d01417982') in 0.018747 seconds 
========================================================================
Received Import Request.
  Time since last request: 0.000018 seconds.
  path: Assets/Asset Packs/Synty - Polygon Student Sample/Prefabs/SM_Env_Rock_015.prefab
  artifactKey: Guid(27b2a5e9e01330645a7ab5be223502ae) Importer(815301076,1909f56bfc062723c751e8b465ee728b)
Start importing Assets/Asset Packs/Synty - Polygon Student Sample/Prefabs/SM_Env_Rock_015.prefab using Guid(27b2a5e9e01330645a7ab5be223502ae) Importer(815301076,1909f56bfc062723c751e8b465ee728b)  -> (artifact id: 'ae55e75a3b83c746f87d164f5b2f19ed') in 0.016803 seconds 
========================================================================
Received Import Request.
  Time since last request: 0.000029 seconds.
  path: Assets/Asset Packs/Not For Student Use - licence required/Synty Asset Packs - Commercial licence required/PolygonPirates/Prefabs/Environments/SM_Env_Rock_Arch_01.prefab
  artifactKey: Guid(208fdd3ef1228294c807f19ad1f8a2b3) Importer(815301076,1909f56bfc062723c751e8b465ee728b)
Start importing Assets/Asset Packs/Not For Student Use - licence required/Synty Asset Packs - Commercial licence required/PolygonPirates/Prefabs/Environments/SM_Env_Rock_Arch_01.prefab using Guid(208fdd3ef1228294c807f19ad1f8a2b3) Importer(815301076,1909f56bfc062723c751e8b465ee728b)  -> (artifact id: 'b1442a708ec1e8871e2fdac3ec3e69e0') in 0.018401 seconds 
========================================================================
Received Import Request.
  Time since last request: 0.000022 seconds.
  path: Assets/Asset Packs/Not For Student Use - licence required/Synty Asset Packs - Commercial licence required/PolygonPirates/Models/SM_Env_Rock_Large_02.fbx
  artifactKey: Guid(c22085f9e053a8a49b32fff1de54b401) Importer(815301076,1909f56bfc062723c751e8b465ee728b)
Start importing Assets/Asset Packs/Not For Student Use - licence required/Synty Asset Packs - Commercial licence required/PolygonPirates/Models/SM_Env_Rock_Large_02.fbx using Guid(c22085f9e053a8a49b32fff1de54b401) Importer(815301076,1909f56bfc062723c751e8b465ee728b)  -> (artifact id: '678910c9ea6207bf8a5ac9bcf2ad243b') in 0.022450 seconds 
========================================================================
Received Import Request.
  Time since last request: 0.000034 seconds.
  path: Assets/Asset Packs/Not For Student Use - licence required/Synty Asset Packs - Commercial licence required/PolygonAdventure/Prefabs/Environments/SM_Env_Rock_013.prefab
  artifactKey: Guid(f44a0a8cf86c4624faaaa432ee3b78ae) Importer(815301076,1909f56bfc062723c751e8b465ee728b)
Start importing Assets/Asset Packs/Not For Student Use - licence required/Synty Asset Packs - Commercial licence required/PolygonAdventure/Prefabs/Environments/SM_Env_Rock_013.prefab using Guid(f44a0a8cf86c4624faaaa432ee3b78ae) Importer(815301076,1909f56bfc062723c751e8b465ee728b)  -> (artifact id: 'd0968629c241e4e786fb0513ba55b0e1') in 0.015270 seconds 
========================================================================
Received Import Request.
  Time since last request: 1.096751 seconds.
  path: Assets/Asset Packs/Not For Student Use - licence required/Synty Asset Packs - Commercial licence required/PolygonPirates/Models/SM_Env_Rock_Large_03.fbx
  artifactKey: Guid(2c02713dbd0e7df40878d9ab6e7a7817) Importer(815301076,1909f56bfc062723c751e8b465ee728b)
Start importing Assets/Asset Packs/Not For Student Use - licence required/Synty Asset Packs - Commercial licence required/PolygonPirates/Models/SM_Env_Rock_Large_03.fbx using Guid(2c02713dbd0e7df40878d9ab6e7a7817) Importer(815301076,1909f56bfc062723c751e8b465ee728b)  -> (artifact id: 'b454f86ceb975cf63ec7f7259e18868a') in 0.020519 seconds 
========================================================================
Received Import Request.
  Time since last request: 0.018233 seconds.
  path: Assets/Asset Packs/Not For Student Use - licence required/Synty Asset Packs - Commercial licence required/PolygonPirates/Models/SM_Env_Rock_Large_04.fbx
  artifactKey: Guid(14f841d60ab1da746940cefc4f455735) Importer(815301076,1909f56bfc062723c751e8b465ee728b)
Start importing Assets/Asset Packs/Not For Student Use - licence required/Synty Asset Packs - Commercial licence required/PolygonPirates/Models/SM_Env_Rock_Large_04.fbx using Guid(14f841d60ab1da746940cefc4f455735) Importer(815301076,1909f56bfc062723c751e8b465ee728b)  -> (artifact id: 'f91798e601e9ccf60330d79656d03ce0') in 0.021329 seconds 
========================================================================
Received Import Request.
  Time since last request: 0.000022 seconds.
  path: Assets/Asset Packs/Not For Student Use - licence required/Synty Asset Packs - Commercial licence required/PolygonPirates/Prefabs/Environments/SM_Env_Rock_Large_05.prefab
  artifactKey: Guid(aaf146f0b1899d54a8a5cf4be35172cd) Importer(815301076,1909f56bfc062723c751e8b465ee728b)
Start importing Assets/Asset Packs/Not For Student Use - licence required/Synty Asset Packs - Commercial licence required/PolygonPirates/Prefabs/Environments/SM_Env_Rock_Large_05.prefab using Guid(aaf146f0b1899d54a8a5cf4be35172cd) Importer(815301076,1909f56bfc062723c751e8b465ee728b)  -> (artifact id: 'b591e45fa9a6ab2a7e02e30df532670b') in 0.017437 seconds 
========================================================================
Received Import Request.
  Time since last request: 0.457221 seconds.
  path: Assets/Asset Packs/Not For Student Use - licence required/Synty Asset Packs - Commercial licence required/PolygonPirates/Models/SM_Env_Rock_Large_06.fbx
  artifactKey: Guid(6aa5e74ef216ba04bbd52d2d3af01796) Importer(815301076,1909f56bfc062723c751e8b465ee728b)
Start importing Assets/Asset Packs/Not For Student Use - licence required/Synty Asset Packs - Commercial licence required/PolygonPirates/Models/SM_Env_Rock_Large_06.fbx using Guid(6aa5e74ef216ba04bbd52d2d3af01796) Importer(815301076,1909f56bfc062723c751e8b465ee728b)  -> (artifact id: 'ea3540c3c6c660f36f68b7fed3f29458') in 0.024531 seconds 
========================================================================
Received Import Request.
  Time since last request: 0.027657 seconds.
  path: Assets/Asset Packs/Not For Student Use - licence required/Synty Asset Packs - Commercial licence required/PolygonPirates/Prefabs/Environments/SM_Env_Rock_Large_07.prefab
  artifactKey: Guid(59c46909f95e9a94fae7eea9a6ddc7d9) Importer(815301076,1909f56bfc062723c751e8b465ee728b)
Start importing Assets/Asset Packs/Not For Student Use - licence required/Synty Asset Packs - Commercial licence required/PolygonPirates/Prefabs/Environments/SM_Env_Rock_Large_07.prefab using Guid(59c46909f95e9a94fae7eea9a6ddc7d9) Importer(815301076,1909f56bfc062723c751e8b465ee728b)  -> (artifact id: '1f304990deabbed698a7f8f289d51cc2') in 0.017875 seconds 
========================================================================
Received Import Request.
  Time since last request: 0.274607 seconds.
  path: Assets/Asset Packs/Not For Student Use - licence required/Synty Asset Packs - Commercial licence required/PolygonPirates/Models/SM_Env_Rock_Large_08.fbx
  artifactKey: Guid(5d22f1fb27bbeea4ab47870321e74b4b) Importer(815301076,1909f56bfc062723c751e8b465ee728b)
Start importing Assets/Asset Packs/Not For Student Use - licence required/Synty Asset Packs - Commercial licence required/PolygonPirates/Models/SM_Env_Rock_Large_08.fbx using Guid(5d22f1fb27bbeea4ab47870321e74b4b) Importer(815301076,1909f56bfc062723c751e8b465ee728b)  -> (artifact id: '1a5cef810f5556f22cbf73b9638264ba') in 0.020288 seconds 
========================================================================
Received Import Request.
  Time since last request: 0.024856 seconds.
  path: Assets/Asset Packs/Not For Student Use - licence required/Synty Asset Packs - Commercial licence required/PolygonPirates/Prefabs/Environments/SM_Env_Rock_Large_010.prefab
  artifactKey: Guid(6872f29794017c04cb0ae1e89e6828a5) Importer(815301076,1909f56bfc062723c751e8b465ee728b)
Start importing Assets/Asset Packs/Not For Student Use - licence required/Synty Asset Packs - Commercial licence required/PolygonPirates/Prefabs/Environments/SM_Env_Rock_Large_010.prefab using Guid(6872f29794017c04cb0ae1e89e6828a5) Importer(815301076,1909f56bfc062723c751e8b465ee728b)  -> (artifact id: 'b79ff190cb5f15c64a414f3f4145c3f7') in 0.018474 seconds 
========================================================================
Received Import Request.
  Time since last request: 0.729068 seconds.
  path: Assets/Asset Packs/Not For Student Use - licence required/Synty Asset Packs - Commercial licence required/PolygonPirates/Prefabs/Environments/SM_Env_Rocks_01.prefab
  artifactKey: Guid(a2fdfebba1c706e41b0fa8a819b914e9) Importer(815301076,1909f56bfc062723c751e8b465ee728b)
Start importing Assets/Asset Packs/Not For Student Use - licence required/Synty Asset Packs - Commercial licence required/PolygonPirates/Prefabs/Environments/SM_Env_Rocks_01.prefab using Guid(a2fdfebba1c706e41b0fa8a819b914e9) Importer(815301076,1909f56bfc062723c751e8b465ee728b)  -> (artifact id: 'bf65ec98f10bec0c39d99c77612a7f18') in 0.017846 seconds 
========================================================================
Received Import Request.
  Time since last request: 0.036596 seconds.
  path: Assets/Asset Packs/Not For Student Use - licence required/Synty Asset Packs - Commercial licence required/PolygonPirates/Models/SM_Env_Rocks_03.fbx
  artifactKey: Guid(a6af1d922fe8e34429ec8743fb1559fd) Importer(815301076,1909f56bfc062723c751e8b465ee728b)
Start importing Assets/Asset Packs/Not For Student Use - licence required/Synty Asset Packs - Commercial licence required/PolygonPirates/Models/SM_Env_Rocks_03.fbx using Guid(a6af1d922fe8e34429ec8743fb1559fd) Importer(815301076,1909f56bfc062723c751e8b465ee728b)  -> (artifact id: 'c5e50c064a00b7a8222e7bcf51d97814') in 0.020813 seconds 
========================================================================
Received Import Request.
  Time since last request: 2.432147 seconds.
  path: Assets/Asset Packs/Not For Student Use - licence required/Synty Asset Packs - Commercial licence required/PolygonPirates/Models/SM_Env_Rock_03.fbx
  artifactKey: Guid(fcd5b6fd32ac918408554673d6b4d719) Importer(815301076,1909f56bfc062723c751e8b465ee728b)
Start importing Assets/Asset Packs/Not For Student Use - licence required/Synty Asset Packs - Commercial licence required/PolygonPirates/Models/SM_Env_Rock_03.fbx using Guid(fcd5b6fd32ac918408554673d6b4d719) Importer(815301076,1909f56bfc062723c751e8b465ee728b)  -> (artifact id: '76625d082e7c20e4c0a7e1ebb0437ab3') in 0.020522 seconds 
========================================================================
Received Import Request.
  Time since last request: 29.667892 seconds.
  path: Assets/Asset Packs/BOXOPHOBIC/Skybox Cubemap Extended/Meshes/LowPoly - Grass B.FBX
  artifactKey: Guid(0860e6fc68e57ae48b5ae6e854f8f6b1) Importer(815301076,1909f56bfc062723c751e8b465ee728b)
Start importing Assets/Asset Packs/BOXOPHOBIC/Skybox Cubemap Extended/Meshes/LowPoly - Grass B.FBX using Guid(0860e6fc68e57ae48b5ae6e854f8f6b1) Importer(815301076,1909f56bfc062723c751e8b465ee728b)  -> (artifact id: '3c6b5247062e1d9c4c0213bf1856fdb7') in 0.023570 seconds 
========================================================================
Received Import Request.
  Time since last request: 0.000030 seconds.
  path: Assets/Asset Packs/Synty - Polygon Student Sample/Models/SM_Env_Grass_Large_01.fbx
  artifactKey: Guid(d4a5410c829a9a645a530d28941d3ceb) Importer(815301076,1909f56bfc062723c751e8b465ee728b)
Start importing Assets/Asset Packs/Synty - Polygon Student Sample/Models/SM_Env_Grass_Large_01.fbx using Guid(d4a5410c829a9a645a530d28941d3ceb) Importer(815301076,1909f56bfc062723c751e8b465ee728b)  -> (artifact id: '346bbb30a2dfcaf3394d9cdfddb250d9') in 0.044802 seconds 
========================================================================
Received Import Request.
  Time since last request: 57.674759 seconds.
  path: Assets/Asset Packs/Standard Assets/Environment/TerrainAssets/SurfaceTextures/GrassHillAlbedo.psd
  artifactKey: Guid(c6e0767b1f8c34890ac245217f4b9731) Importer(815301076,1909f56bfc062723c751e8b465ee728b)
Start importing Assets/Asset Packs/Standard Assets/Environment/TerrainAssets/SurfaceTextures/GrassHillAlbedo.psd using Guid(c6e0767b1f8c34890ac245217f4b9731) Importer(815301076,1909f56bfc062723c751e8b465ee728b)  -> (artifact id: '74db21849c502a272dc7a63dd05edf30') in 0.028220 seconds 
========================================================================
Received Import Request.
  Time since last request: 27.298103 seconds.
  path: Assets/Asset Packs/Not For Student Use - licence required/Environments - Misc other assets/Wall_Normal.png
  artifactKey: Guid(b773818ecd2e3cf47997b9e313df267e) Importer(815301076,1909f56bfc062723c751e8b465ee728b)
Start importing Assets/Asset Packs/Not For Student Use - licence required/Environments - Misc other assets/Wall_Normal.png using Guid(b773818ecd2e3cf47997b9e313df267e) Importer(815301076,1909f56bfc062723c751e8b465ee728b)  -> (artifact id: '2e4ced0f1ee52b541ed74b1afc582e4a') in 0.029161 seconds 
Editor requested this worker to shutdown with reason: Scaling down because of idle timeout
AssetImportWorker is now disconnected from the server
Process exiting
Exiting without the bug reporter. Application will terminate with return code 0