Using pre-set license
Built from '2022.1/release' branch; Version is '2022.1.0f1 (369b620af41c) revision 3578722'; Using compiler version '192829333'; Build Type 'Release'
OS: 'Windows 11  (10.0.22621) 64bit Core' Language: 'en' Physical Memory: 16330 MB
BatchMode: 1, IsHumanControllingUs: 0, StartBugReporterOnCrash: 0, Is64bit: 1, IsPro: 1

COMMAND LINE ARGUMENTS:
C:\Program Files\Unity\Hub\Editor\2022.1.0f1\Editor\Unity.exe
-adb2
-batchMode
-noUpm
-name
AssetImportWorker6
-projectPath
C:/Users/berka/Desktop/RPG Project
-logFile
Logs/AssetImportWorker6.log
-srvPort
50127
Successfully changed project path to: C:/Users/berka/Desktop/RPG Project
C:/Users/berka/Desktop/RPG Project
[UnityMemory] Configuration Parameters - Can be set up in boot.config
    "memorysetup-bucket-allocator-granularity=16"
    "memorysetup-bucket-allocator-bucket-count=8"
    "memorysetup-bucket-allocator-block-size=33554432"
    "memorysetup-bucket-allocator-block-count=8"
    "memorysetup-main-allocator-block-size=16777216"
    "memorysetup-thread-allocator-block-size=16777216"
    "memorysetup-gfx-main-allocator-block-size=16777216"
    "memorysetup-gfx-thread-allocator-block-size=16777216"
    "memorysetup-cache-allocator-block-size=4194304"
    "memorysetup-typetree-allocator-block-size=2097152"
    "memorysetup-profiler-bucket-allocator-granularity=16"
    "memorysetup-profiler-bucket-allocator-bucket-count=8"
    "memorysetup-profiler-bucket-allocator-block-size=33554432"
    "memorysetup-profiler-bucket-allocator-block-count=8"
    "memorysetup-profiler-allocator-block-size=16777216"
    "memorysetup-profiler-editor-allocator-block-size=1048576"
    "memorysetup-temp-allocator-size-main=16777216"
    "memorysetup-job-temp-allocator-block-size=2097152"
    "memorysetup-job-temp-allocator-block-size-background=1048576"
    "memorysetup-job-temp-allocator-reduction-small-platforms=262144"
    "memorysetup-temp-allocator-size-background-worker=32768"
    "memorysetup-temp-allocator-size-job-worker=262144"
    "memorysetup-temp-allocator-size-preload-manager=33554432"
    "memorysetup-temp-allocator-size-nav-mesh-worker=65536"
    "memorysetup-temp-allocator-size-audio-worker=65536"
    "memorysetup-temp-allocator-size-cloud-worker=32768"
    "memorysetup-temp-allocator-size-gi-baking-worker=262144"
    "memorysetup-temp-allocator-size-gfx=262144"
Refreshing native plugins compatible for Editor in 54.94 ms, found 2 plugins.
Preloading 0 native plugins for Editor in 0.00 ms.
Initialize engine version: 2022.1.0f1 (369b620af41c)
[Subsystems] Discovering subsystems at path C:/Program Files/Unity/Hub/Editor/2022.1.0f1/Editor/Data/Resources/UnitySubsystems
[Subsystems] Discovering subsystems at path C:/Users/berka/Desktop/RPG Project/Assets
GfxDevice: creating device client; threaded=0; jobified=0
Direct3D:
    Version:  Direct3D 11.0 [level 11.1]
    Renderer: NVIDIA GeForce RTX 2060 SUPER (ID=0x1f06)
    Vendor:   NVIDIA
    VRAM:     8019 MB
    Driver:   31.0.15.3598
Initialize mono
Mono path[0] = 'C:/Program Files/Unity/Hub/Editor/2022.1.0f1/Editor/Data/Managed'
Mono path[1] = 'C:/Program Files/Unity/Hub/Editor/2022.1.0f1/Editor/Data/MonoBleedingEdge/lib/mono/unityjit-win32'
Mono config path = 'C:/Program Files/Unity/Hub/Editor/2022.1.0f1/Editor/Data/MonoBleedingEdge/etc'
Using monoOptions --debugger-agent=transport=dt_socket,embedding=1,server=y,suspend=n,address=127.0.0.1:56544
Begin MonoManager ReloadAssembly
Registering precompiled unity dll's ...
Trying to register platform support module: C:/Program Files/Unity/Hub/Editor/2022.1.0f1/Editor/Data/PlaybackEngines/WebGLSupport/UnityEditor.WebGL.Extensions.dll (that doesn't exist). Retrying without overrides.
Platform support module is not available: C:/Program Files/Unity/Hub/Editor/2022.1.0f1/Editor/Data/PlaybackEngines/WebGLSupport/UnityEditor.WebGL.Extensions.dll
Register platform support module: C:/Program Files/Unity/Hub/Editor/2022.1.0f1/Editor/Data/PlaybackEngines/WindowsStandaloneSupport/UnityEditor.WindowsStandalone.Extensions.dll
Registered in 0.004868 seconds.
Native extension for WindowsStandalone target not found
Refreshing native plugins compatible for Editor in 49.92 ms, found 2 plugins.
Preloading 0 native plugins for Editor in 0.00 ms.
Mono: successfully reloaded assembly
- Completed reload, in  0.584 seconds
Domain Reload Profiling:
	ReloadAssembly (585ms)
		BeginReloadAssembly (66ms)
			ExecutionOrderSort (0ms)
			DisableScriptedObjects (0ms)
			BackupInstance (0ms)
			ReleaseScriptingObjects (0ms)
			CreateAndSetChildDomain (1ms)
		EndReloadAssembly (416ms)
			LoadAssemblies (64ms)
			RebuildTransferFunctionScriptingTraits (0ms)
			SetupTypeCache (104ms)
				TypeCache.Initialize (103ms)
					TypeCache.ScanAssembly (102ms)
				ResolveRequiredComponents (0ms)
			ReleaseScriptCaches (0ms)
			RebuildScriptCaches (23ms)
			SetupLoadedEditorAssemblies (244ms)
				LogAssemblyErrors (0ms)
				InitializePlatformSupportModulesInManaged (6ms)
				SetLoadedEditorAssemblies (6ms)
				RefreshPlugins (50ms)
				BeforeProcessingInitializeOnLoad (1ms)
				ProcessInitializeOnLoadAttributes (142ms)
				ProcessInitializeOnLoadMethodAttributes (39ms)
				AfterProcessingInitializeOnLoad (0ms)
				EditorAssembliesLoaded (0ms)
			ExecutionOrderSort2 (0ms)
			AwakeInstancesAfterBackupRestoration (0ms)
Platform modules already initialized, skipping
Registering precompiled user dll's ...
Registered in 0.002836 seconds.
Begin MonoManager ReloadAssembly
Native extension for WindowsStandalone target not found
Refreshing native plugins compatible for Editor in 1.16 ms, found 2 plugins.
Preloading 0 native plugins for Editor in 0.00 ms.
Package Manager log level set to [2]
[Package Manager] Server::EnsureServerProcessIsRunning -- launch failed, reason: Unity was launched with the -noUpm command-line argument
[Package Manager] UpmClient::Send -- Unable to send message (not connected to UPM process).
[Package Manager] Cannot connect to Unity Package Manager local server
Mono: successfully reloaded assembly
- Completed reload, in  0.948 seconds
Domain Reload Profiling:
	ReloadAssembly (949ms)
		BeginReloadAssembly (99ms)
			ExecutionOrderSort (0ms)
			DisableScriptedObjects (5ms)
			BackupInstance (0ms)
			ReleaseScriptingObjects (0ms)
			CreateAndSetChildDomain (18ms)
		EndReloadAssembly (743ms)
			LoadAssemblies (64ms)
			RebuildTransferFunctionScriptingTraits (0ms)
			SetupTypeCache (173ms)
				TypeCache.Initialize (170ms)
					TypeCache.ScanAssembly (166ms)
				ResolveRequiredComponents (4ms)
			ReleaseScriptCaches (1ms)
			RebuildScriptCaches (45ms)
			SetupLoadedEditorAssemblies (409ms)
				LogAssemblyErrors (0ms)
				InitializePlatformSupportModulesInManaged (7ms)
				SetLoadedEditorAssemblies (9ms)
				RefreshPlugins (1ms)
				BeforeProcessingInitializeOnLoad (74ms)
				ProcessInitializeOnLoadAttributes (199ms)
				ProcessInitializeOnLoadMethodAttributes (114ms)
				AfterProcessingInitializeOnLoad (6ms)
				EditorAssembliesLoaded (0ms)
			ExecutionOrderSort2 (0ms)
			AwakeInstancesAfterBackupRestoration (5ms)
Platform modules already initialized, skipping
========================================================================
Worker process is ready to serve import requests
Launched and connected shader compiler UnityShaderCompiler.exe after 0.04 seconds
Refreshing native plugins compatible for Editor in 0.77 ms, found 2 plugins.
Preloading 0 native plugins for Editor in 0.00 ms.
Unloading 2424 Unused Serialized files (Serialized files now loaded: 0)
Unloading 60 unused Assets / (130.7 KB). Loaded Objects now: 2893.
Memory consumption went from 400.5 MB to 400.4 MB.
Total: 5.905000 ms (FindLiveObjects: 0.200300 ms CreateObjectMapping: 0.061900 ms MarkObjects: 5.544600 ms  DeleteObjects: 0.096800 ms)

AssetImportParameters requested are different than current active one (requested -> active):
  custom:video-decoder-ogg-theora: a1e56fd34408186e4bbccfd4996cb3dc -> 
  custom:container-muxer-webm: aa71ff27fc2769a1b78a27578f13a17b -> 
  custom:container-demuxer-webm: 4f35f7cbe854078d1ac9338744f61a02 -> 
  custom:video-encoder-webm-vp8: eb34c28f22e8b96e1ab97ce403110664 -> 
  custom:video-codec-MediaFoundation-h265: 746d11721c4dcdbdad8f713fa42b33f4 -> 
  custom:audio-encoder-webm-vorbis: bf7c407c2cedff20999df2af8eb42d56 -> 
  custom:framework-win-MediaFoundation: 216162199b28c13a410421893ffa2e32 -> 
  custom:container-demuxer-ogg: 62fdf1f143b41e24485cea50d1cbac27 -> 
  custom:video-decoder-webm-vp8: 9c59270c3fd7afecdb556c50c9e8de78 -> 
  custom:audio-decoder-ogg-vorbis: bf7c407c2cedff20999df2af8eb42d56 -> 
========================================================================
Received Import Request.
  Time since last request: 1145.429564 seconds.
  path: Assets/Asset Packs/Not For Student Use - licence required/Synty Asset Packs - Commercial licence required/PolygonPirates/Models/SM_Env_Rock_Large_07.fbx
  artifactKey: Guid(aadc4ff829cfe2242b8f435038123dc6) Importer(815301076,1909f56bfc062723c751e8b465ee728b)
Start importing Assets/Asset Packs/Not For Student Use - licence required/Synty Asset Packs - Commercial licence required/PolygonPirates/Models/SM_Env_Rock_Large_07.fbx using Guid(aadc4ff829cfe2242b8f435038123dc6) Importer(815301076,1909f56bfc062723c751e8b465ee728b)  -> (artifact id: '9f4a4230383348a491a60237bfef26d1') in 0.131757 seconds 
========================================================================
Received Import Request.
  Time since last request: 0.603339 seconds.
  path: Assets/Asset Packs/Not For Student Use - licence required/Synty Asset Packs - Commercial licence required/PolygonPirates/Models/SM_Env_Rock_Large_010.fbx
  artifactKey: Guid(dfd9a57fb50bb1e469c76cbee3abb970) Importer(815301076,1909f56bfc062723c751e8b465ee728b)
Start importing Assets/Asset Packs/Not For Student Use - licence required/Synty Asset Packs - Commercial licence required/PolygonPirates/Models/SM_Env_Rock_Large_010.fbx using Guid(dfd9a57fb50bb1e469c76cbee3abb970) Importer(815301076,1909f56bfc062723c751e8b465ee728b)  -> (artifact id: '31cd2e5d8f371c7327d85131662b3b32') in 0.020634 seconds 
========================================================================
Received Import Request.
  Time since last request: 0.031890 seconds.
  path: Assets/Asset Packs/Not For Student Use - licence required/Synty Asset Packs - Commercial licence required/PolygonPirates/Models/SM_Env_Rock_Skull_01.fbx
  artifactKey: Guid(af356a11bf74ef64daf2f9b02c6a068c) Importer(815301076,1909f56bfc062723c751e8b465ee728b)
Start importing Assets/Asset Packs/Not For Student Use - licence required/Synty Asset Packs - Commercial licence required/PolygonPirates/Models/SM_Env_Rock_Skull_01.fbx using Guid(af356a11bf74ef64daf2f9b02c6a068c) Importer(815301076,1909f56bfc062723c751e8b465ee728b)  -> (artifact id: 'e1203899da64ec915b89ebed71b66078') in 0.020060 seconds 
========================================================================
Received Import Request.
  Time since last request: 0.000018 seconds.
  path: Assets/Asset Packs/Not For Student Use - licence required/Synty Asset Packs - Commercial licence required/PolygonPirates/Models/SM_Env_Rocks_02.fbx
  artifactKey: Guid(9e8bbbe7962dbce4cb6af16955b152ca) Importer(815301076,1909f56bfc062723c751e8b465ee728b)
Start importing Assets/Asset Packs/Not For Student Use - licence required/Synty Asset Packs - Commercial licence required/PolygonPirates/Models/SM_Env_Rocks_02.fbx using Guid(9e8bbbe7962dbce4cb6af16955b152ca) Importer(815301076,1909f56bfc062723c751e8b465ee728b)  -> (artifact id: '42191f333f609b7f0c2666a9d1d2a7a6') in 0.018674 seconds 
========================================================================
Received Import Request.
  Time since last request: 0.022029 seconds.
  path: Assets/Asset Packs/Not For Student Use - licence required/Synty Asset Packs - Commercial licence required/PolygonPirates/Prefabs/Environments/SM_Env_Rocks_02.prefab
  artifactKey: Guid(cfe5d370eb7adbd43bead7f2e91204b1) Importer(815301076,1909f56bfc062723c751e8b465ee728b)
Start importing Assets/Asset Packs/Not For Student Use - licence required/Synty Asset Packs - Commercial licence required/PolygonPirates/Prefabs/Environments/SM_Env_Rocks_02.prefab using Guid(cfe5d370eb7adbd43bead7f2e91204b1) Importer(815301076,1909f56bfc062723c751e8b465ee728b)  -> (artifact id: '744d7cdd81a993f37b8ee90da1b89527') in 0.021571 seconds 
========================================================================
Received Import Request.
  Time since last request: 2.385043 seconds.
  path: Assets/Asset Packs/Not For Student Use - licence required/Synty Asset Packs - Commercial licence required/PolygonAdventure/Models/SM_Env_Rock_011.fbx
  artifactKey: Guid(bfed1afa7a419b647a4cee8bbaa252e9) Importer(815301076,1909f56bfc062723c751e8b465ee728b)
Start importing Assets/Asset Packs/Not For Student Use - licence required/Synty Asset Packs - Commercial licence required/PolygonAdventure/Models/SM_Env_Rock_011.fbx using Guid(bfed1afa7a419b647a4cee8bbaa252e9) Importer(815301076,1909f56bfc062723c751e8b465ee728b)  -> (artifact id: 'd7e43d4df225d483afac1314ff0c3064') in 0.020377 seconds 
========================================================================
Received Import Request.
  Time since last request: 0.016185 seconds.
  path: Assets/Asset Packs/Not For Student Use - licence required/Synty Asset Packs - Commercial licence required/PolygonAdventure/Models/SM_Env_Rock_08.fbx
  artifactKey: Guid(1443e5a9095f4f549b00fc481af607c1) Importer(815301076,1909f56bfc062723c751e8b465ee728b)
Start importing Assets/Asset Packs/Not For Student Use - licence required/Synty Asset Packs - Commercial licence required/PolygonAdventure/Models/SM_Env_Rock_08.fbx using Guid(1443e5a9095f4f549b00fc481af607c1) Importer(815301076,1909f56bfc062723c751e8b465ee728b)  -> (artifact id: '981f277c0cb1a98c833614075652bc04') in 0.018680 seconds 
========================================================================
Received Import Request.
  Time since last request: 0.255270 seconds.
  path: Assets/Asset Packs/Not For Student Use - licence required/Synty Asset Packs - Commercial licence required/PolygonVikings/Prefabs/Environments/SM_Env_Rock_02.prefab
  artifactKey: Guid(4ff60d4d9e0d6704b85166ddda5a6cde) Importer(815301076,1909f56bfc062723c751e8b465ee728b)
Start importing Assets/Asset Packs/Not For Student Use - licence required/Synty Asset Packs - Commercial licence required/PolygonVikings/Prefabs/Environments/SM_Env_Rock_02.prefab using Guid(4ff60d4d9e0d6704b85166ddda5a6cde) Importer(815301076,1909f56bfc062723c751e8b465ee728b)  -> (artifact id: '63cf2fa84cbc10fa3b52b9227de68f6f') in 0.016801 seconds 
========================================================================
Received Import Request.
  Time since last request: 0.235028 seconds.
  path: Assets/Asset Packs/Not For Student Use - licence required/Synty Asset Packs - Commercial licence required/PolygonPirates/Models/SM_Env_Rock_02.fbx
  artifactKey: Guid(4c4b71d8eef7ccd4fa291d2e260d3eba) Importer(815301076,1909f56bfc062723c751e8b465ee728b)
Start importing Assets/Asset Packs/Not For Student Use - licence required/Synty Asset Packs - Commercial licence required/PolygonPirates/Models/SM_Env_Rock_02.fbx using Guid(4c4b71d8eef7ccd4fa291d2e260d3eba) Importer(815301076,1909f56bfc062723c751e8b465ee728b)  -> (artifact id: 'dff2d65b98e0cd9904434db4ed6607af') in 0.018960 seconds 
========================================================================
Received Import Request.
  Time since last request: 0.049829 seconds.
  path: Assets/Asset Packs/Not For Student Use - licence required/Synty Asset Packs - Commercial licence required/PolygonPirates/Models/SM_Env_Rock_01.fbx
  artifactKey: Guid(7ea337348330cc14fb7f84cc0b25555a) Importer(815301076,1909f56bfc062723c751e8b465ee728b)
Start importing Assets/Asset Packs/Not For Student Use - licence required/Synty Asset Packs - Commercial licence required/PolygonPirates/Models/SM_Env_Rock_01.fbx using Guid(7ea337348330cc14fb7f84cc0b25555a) Importer(815301076,1909f56bfc062723c751e8b465ee728b)  -> (artifact id: '760acb9d817d676acd6dff65cdb3e749') in 0.018003 seconds 
========================================================================
Received Import Request.
  Time since last request: 0.307725 seconds.
  path: Assets/Asset Packs/BOXOPHOBIC/Skybox Cubemap Extended/Prefabs/LowPoly - Rock B.prefab
  artifactKey: Guid(b0622c7c0ff092b46a37f31c718c5eba) Importer(815301076,1909f56bfc062723c751e8b465ee728b)
Start importing Assets/Asset Packs/BOXOPHOBIC/Skybox Cubemap Extended/Prefabs/LowPoly - Rock B.prefab using Guid(b0622c7c0ff092b46a37f31c718c5eba) Importer(815301076,1909f56bfc062723c751e8b465ee728b)  -> (artifact id: '91f2c0e1063a06e1203dfee563cab5d9') in 0.024810 seconds 
========================================================================
Received Import Request.
  Time since last request: 0.039306 seconds.
  path: Assets/Asset Packs/BOXOPHOBIC/Skybox Cubemap Extended/Prefabs/LowPoly - Rock A.prefab
  artifactKey: Guid(39de80c7e7a1a2942820576875608e5d) Importer(815301076,1909f56bfc062723c751e8b465ee728b)
Start importing Assets/Asset Packs/BOXOPHOBIC/Skybox Cubemap Extended/Prefabs/LowPoly - Rock A.prefab using Guid(39de80c7e7a1a2942820576875608e5d) Importer(815301076,1909f56bfc062723c751e8b465ee728b)  -> (artifact id: '96ada2c58bd54d13f36085ca87bd73f0') in 0.023422 seconds 
========================================================================
Received Import Request.
  Time since last request: 0.071445 seconds.
  path: Assets/Asset Packs/BOXOPHOBIC/Skybox Cubemap Extended/Meshes/LowPoly - Rock A.FBX
  artifactKey: Guid(26fb55e8ae34728499f6f45cd0527c73) Importer(815301076,1909f56bfc062723c751e8b465ee728b)
Start importing Assets/Asset Packs/BOXOPHOBIC/Skybox Cubemap Extended/Meshes/LowPoly - Rock A.FBX using Guid(26fb55e8ae34728499f6f45cd0527c73) Importer(815301076,1909f56bfc062723c751e8b465ee728b)  -> (artifact id: '71d0dff7db16e10b54cd2d2d0eab0f3e') in 0.019427 seconds 
========================================================================
Received Import Request.
  Time since last request: 28.570908 seconds.
  path: Assets/Asset Packs/BOXOPHOBIC/Skybox Cubemap Extended/Meshes/LowPoly - Grass A.FBX
  artifactKey: Guid(8af3079b5c79b6b4c825cc71e71ef97d) Importer(815301076,1909f56bfc062723c751e8b465ee728b)
Start importing Assets/Asset Packs/BOXOPHOBIC/Skybox Cubemap Extended/Meshes/LowPoly - Grass A.FBX using Guid(8af3079b5c79b6b4c825cc71e71ef97d) Importer(815301076,1909f56bfc062723c751e8b465ee728b)  -> (artifact id: 'c625e6aa06f821f96190f3edcb08abaa') in 0.019430 seconds 
========================================================================
Received Import Request.
  Time since last request: 0.000023 seconds.
  path: Assets/Asset Packs/Synty - Polygon Student Sample/Models/SM_Env_Grass_01.fbx
  artifactKey: Guid(aaca44a3eca756c419ccc26430c2a062) Importer(815301076,1909f56bfc062723c751e8b465ee728b)
Start importing Assets/Asset Packs/Synty - Polygon Student Sample/Models/SM_Env_Grass_01.fbx using Guid(aaca44a3eca756c419ccc26430c2a062) Importer(815301076,1909f56bfc062723c751e8b465ee728b)  -> (artifact id: '9badd9023c68b2ff991af81c84be459e') in 0.047669 seconds 
========================================================================
Received Import Request.
  Time since last request: 0.000018 seconds.
  path: Assets/Asset Packs/BOXOPHOBIC/Skybox Cubemap Extended/Prefabs/LowPoly - Grass B.prefab
  artifactKey: Guid(c23a5db78ca1a5b4f921e0109f33128c) Importer(815301076,1909f56bfc062723c751e8b465ee728b)
Start importing Assets/Asset Packs/BOXOPHOBIC/Skybox Cubemap Extended/Prefabs/LowPoly - Grass B.prefab using Guid(c23a5db78ca1a5b4f921e0109f33128c) Importer(815301076,1909f56bfc062723c751e8b465ee728b)  -> (artifact id: '82c033ce950a5ef6bb218ab24357bd64') in 0.015940 seconds 
========================================================================
Received Import Request.
  Time since last request: 0.862704 seconds.
  path: Assets/Asset Packs/Synty - Polygon Student Sample/Models/SM_Env_Tile_Grass_01.fbx
  artifactKey: Guid(6f89b704fb389db48aafe49efde83db6) Importer(815301076,1909f56bfc062723c751e8b465ee728b)
Start importing Assets/Asset Packs/Synty - Polygon Student Sample/Models/SM_Env_Tile_Grass_01.fbx using Guid(6f89b704fb389db48aafe49efde83db6) Importer(815301076,1909f56bfc062723c751e8b465ee728b)  -> (artifact id: 'd7fe299c2bd34e86d08c3dcc8bd8a2f0') in 0.044225 seconds 
========================================================================
Received Import Request.
  Time since last request: 56.750766 seconds.
  path: Assets/Asset Packs/Standard Assets/Environment/TerrainAssets/BillboardTextures/GrassFrond01AlbedoAlpha.psd
  artifactKey: Guid(2c528fec5d95e4ac28cf46399b887662) Importer(815301076,1909f56bfc062723c751e8b465ee728b)
Start importing Assets/Asset Packs/Standard Assets/Environment/TerrainAssets/BillboardTextures/GrassFrond01AlbedoAlpha.psd using Guid(2c528fec5d95e4ac28cf46399b887662) Importer(815301076,1909f56bfc062723c751e8b465ee728b)  -> (artifact id: '7b56951948ce0c7e0d5e76ecb746ce77') in 0.032154 seconds 
========================================================================
Received Import Request.
  Time since last request: 0.000032 seconds.
  path: Assets/Asset Packs/BOXOPHOBIC/Skybox Cubemap Extended/Materials/LowPoly - Grass.mat
  artifactKey: Guid(6fc6652ed834922468cdd63bb95f7fe2) Importer(815301076,1909f56bfc062723c751e8b465ee728b)
Start importing Assets/Asset Packs/BOXOPHOBIC/Skybox Cubemap Extended/Materials/LowPoly - Grass.mat using Guid(6fc6652ed834922468cdd63bb95f7fe2) Importer(815301076,1909f56bfc062723c751e8b465ee728b)  -> (artifact id: 'f28493b27b369ebb0e5fabb5d819e555') in 0.032443 seconds 
========================================================================
Received Import Request.
  Time since last request: 12.737208 seconds.
  path: Assets/Scenes/Particle Materials
  artifactKey: Guid(fed73c8bed2fbd44ab3a83cafc5ecd01) Importer(815301076,1909f56bfc062723c751e8b465ee728b)
Start importing Assets/Scenes/Particle Materials using Guid(fed73c8bed2fbd44ab3a83cafc5ecd01) Importer(815301076,1909f56bfc062723c751e8b465ee728b)  -> (artifact id: '73dadf96a328889daa16bf1e14d85c67') in 0.008680 seconds 
========================================================================
Received Import Request.
  Time since last request: 0.060940 seconds.
  path: Assets/Scenes/Particle Materials/Particle Round With Glow 3.mat
  artifactKey: Guid(16d765815f00fcc4bba46dbeebc8bdb0) Importer(815301076,1909f56bfc062723c751e8b465ee728b)
Start importing Assets/Scenes/Particle Materials/Particle Round With Glow 3.mat using Guid(16d765815f00fcc4bba46dbeebc8bdb0) Importer(815301076,1909f56bfc062723c751e8b465ee728b)  -> (artifact id: 'fbbaa3bc2a084ad65656561b3302cff6') in 0.038401 seconds 
========================================================================
Received Import Request.
  Time since last request: 1.534327 seconds.
  path: Assets/New Terrain.asset
  artifactKey: Guid(513e409df0fc1fc4b8687b63c22daf97) Importer(815301076,1909f56bfc062723c751e8b465ee728b)
Start importing Assets/New Terrain.asset using Guid(513e409df0fc1fc4b8687b63c22daf97) Importer(815301076,1909f56bfc062723c751e8b465ee728b)  -> (artifact id: '6b3c5d682c8d0e62cc78c72532fd0052') in 0.019011 seconds 
========================================================================
Received Import Request.
  Time since last request: 1.777143 seconds.
  path: Assets/Asset Packs
  artifactKey: Guid(bfea0e0df3bff244d8312a99895661a6) Importer(815301076,1909f56bfc062723c751e8b465ee728b)
Start importing Assets/Asset Packs using Guid(bfea0e0df3bff244d8312a99895661a6) Importer(815301076,1909f56bfc062723c751e8b465ee728b)  -> (artifact id: '5b4ff1844cf7a438b924e1819b9c1a9a') in 0.009523 seconds 
========================================================================
Received Import Request.
  Time since last request: 1.592438 seconds.
  path: Assets/Asset Packs/Not For Student Use - licence required
  artifactKey: Guid(51cc03756d57d2345a7428f962f81ee9) Importer(815301076,1909f56bfc062723c751e8b465ee728b)
Start importing Assets/Asset Packs/Not For Student Use - licence required using Guid(51cc03756d57d2345a7428f962f81ee9) Importer(815301076,1909f56bfc062723c751e8b465ee728b)  -> (artifact id: '872c6fc97ecf027e5cf748dff47ca84f') in 0.009236 seconds 
========================================================================
Received Import Request.
  Time since last request: 1.962784 seconds.
  path: Assets/Asset Packs/Not For Student Use - licence required/Prefabs from prototype
  artifactKey: Guid(5d01e570b589e0941924125fe205e1f9) Importer(815301076,1909f56bfc062723c751e8b465ee728b)
Start importing Assets/Asset Packs/Not For Student Use - licence required/Prefabs from prototype using Guid(5d01e570b589e0941924125fe205e1f9) Importer(815301076,1909f56bfc062723c751e8b465ee728b)  -> (artifact id: '0b543342a014d1972562b10dccc3ee74') in 0.008234 seconds 
========================================================================
Received Import Request.
  Time since last request: 0.052558 seconds.
  path: Assets/Asset Packs/Not For Student Use - licence required/Prefabs from prototype/Zone 1 - Meadows.prefab
  artifactKey: Guid(058f996ce73497441b937d57fe31cfe5) Importer(815301076,1909f56bfc062723c751e8b465ee728b)
Start importing Assets/Asset Packs/Not For Student Use - licence required/Prefabs from prototype/Zone 1 - Meadows.prefab using Guid(058f996ce73497441b937d57fe31cfe5) Importer(815301076,1909f56bfc062723c751e8b465ee728b)  -> (artifact id: 'a0a334afe6fde98d582624ee1f0a4ff4') in 0.193443 seconds 
========================================================================
Received Import Request.
  Time since last request: 7.174658 seconds.
  path: Assets/Asset Packs/Not For Student Use - licence required/Environments - Misc other assets
  artifactKey: Guid(3043ef0247ad02845a88c8884346e558) Importer(815301076,1909f56bfc062723c751e8b465ee728b)
Start importing Assets/Asset Packs/Not For Student Use - licence required/Environments - Misc other assets using Guid(3043ef0247ad02845a88c8884346e558) Importer(815301076,1909f56bfc062723c751e8b465ee728b)  -> (artifact id: 'd391498a77d1aa0a11f532d97385e314') in 0.009878 seconds 
========================================================================
Received Import Request.
  Time since last request: 0.040026 seconds.
  path: Assets/Asset Packs/Not For Student Use - licence required/Environments - Misc other assets/Wall_Albedo.png
  artifactKey: Guid(83a0bc9bbded2df43a442d643464581e) Importer(815301076,1909f56bfc062723c751e8b465ee728b)
Start importing Assets/Asset Packs/Not For Student Use - licence required/Environments - Misc other assets/Wall_Albedo.png using Guid(83a0bc9bbded2df43a442d643464581e) Importer(815301076,1909f56bfc062723c751e8b465ee728b)  -> (artifact id: '9ea7e532042c935ea3c6a462716df073') in 0.022565 seconds 
========================================================================
Received Import Request.
  Time since last request: 1.080044 seconds.
  path: Assets/Asset Packs/Not For Student Use - licence required/Environments - Misc other assets/Farm
  artifactKey: Guid(4408976d75900a543a8f2b28a2d52e6e) Importer(815301076,1909f56bfc062723c751e8b465ee728b)
Start importing Assets/Asset Packs/Not For Student Use - licence required/Environments - Misc other assets/Farm using Guid(4408976d75900a543a8f2b28a2d52e6e) Importer(815301076,1909f56bfc062723c751e8b465ee728b)  -> (artifact id: '5c2dad486e10d671435789ac72f41b20') in 0.008916 seconds 
========================================================================
Received Import Request.
  Time since last request: 0.030445 seconds.
  path: Assets/Asset Packs/Not For Student Use - licence required/Environments - Misc other assets/Farm/Massive Marrow.prefab
  artifactKey: Guid(12f912cf22db3d948a728f686b6a022c) Importer(815301076,1909f56bfc062723c751e8b465ee728b)
Start importing Assets/Asset Packs/Not For Student Use - licence required/Environments - Misc other assets/Farm/Massive Marrow.prefab using Guid(12f912cf22db3d948a728f686b6a022c) Importer(815301076,1909f56bfc062723c751e8b465ee728b)  -> (artifact id: '23d9186b22f66156c1edde5a16bba7e8') in 0.019044 seconds 
========================================================================
Received Import Request.
  Time since last request: 43.717804 seconds.
  path: Assets/Asset Packs/Standard Assets
  artifactKey: Guid(c6195a43a0187a34e9c6be23520d3766) Importer(815301076,1909f56bfc062723c751e8b465ee728b)
Start importing Assets/Asset Packs/Standard Assets using Guid(c6195a43a0187a34e9c6be23520d3766) Importer(815301076,1909f56bfc062723c751e8b465ee728b)  -> (artifact id: '755250e86846c83628a5d4bb4e997b0b') in 0.010190 seconds 
========================================================================
Received Import Request.
  Time since last request: 0.274830 seconds.
  path: Assets/Asset Packs/Synty - Polygon Student Sample
  artifactKey: Guid(8daa102565fa01a44bb2dec6db906c48) Importer(815301076,1909f56bfc062723c751e8b465ee728b)
Start importing Assets/Asset Packs/Synty - Polygon Student Sample using Guid(8daa102565fa01a44bb2dec6db906c48) Importer(815301076,1909f56bfc062723c751e8b465ee728b)  -> (artifact id: 'f39ccd03d2f33259c9d66b38489aa39d') in 0.008530 seconds 
========================================================================
Received Import Request.
  Time since last request: 0.272791 seconds.
  path: Assets/Asset Packs/Terrain Textures
  artifactKey: Guid(7be3af8caefa01640a3a77acc46e1f7c) Importer(815301076,1909f56bfc062723c751e8b465ee728b)
Start importing Assets/Asset Packs/Terrain Textures using Guid(7be3af8caefa01640a3a77acc46e1f7c) Importer(815301076,1909f56bfc062723c751e8b465ee728b)  -> (artifact id: '146a9d3f576716a3b8f4efd78519e51a') in 0.008627 seconds 
========================================================================
Received Import Request.
  Time since last request: 0.470104 seconds.
  path: Assets/Asset Packs/GameDev.tv Assets
  artifactKey: Guid(4435c5c96062124428d8f1c8982467db) Importer(815301076,1909f56bfc062723c751e8b465ee728b)
Start importing Assets/Asset Packs/GameDev.tv Assets using Guid(4435c5c96062124428d8f1c8982467db) Importer(815301076,1909f56bfc062723c751e8b465ee728b)  -> (artifact id: '7f1e306f308d3b6fcc435302ea91da48') in 0.009875 seconds 
========================================================================
Received Import Request.
  Time since last request: 2.003562 seconds.
  path: Assets/Asset Packs/GameDev.tv Assets/Rod of Death
  artifactKey: Guid(a21d3be60a2bfaa4bac1c86a23ab8632) Importer(815301076,1909f56bfc062723c751e8b465ee728b)
Start importing Assets/Asset Packs/GameDev.tv Assets/Rod of Death using Guid(a21d3be60a2bfaa4bac1c86a23ab8632) Importer(815301076,1909f56bfc062723c751e8b465ee728b)  -> (artifact id: '8afcfb23da5d73569ac19ccfe1d5b9f8') in 0.013613 seconds 
========================================================================
Received Import Request.
  Time since last request: 0.978654 seconds.
  path: Assets/Asset Packs/GameDev.tv Assets/Rod of Death/Prefab
  artifactKey: Guid(50563f2c0d5cf9f4ca61d79e81871ae1) Importer(815301076,1909f56bfc062723c751e8b465ee728b)
Start importing Assets/Asset Packs/GameDev.tv Assets/Rod of Death/Prefab using Guid(50563f2c0d5cf9f4ca61d79e81871ae1) Importer(815301076,1909f56bfc062723c751e8b465ee728b)  -> (artifact id: '55c4681f30ee746876db47eb614bf504') in 0.009271 seconds 
========================================================================
Received Import Request.
  Time since last request: 0.039626 seconds.
  path: Assets/Asset Packs/GameDev.tv Assets/Rod of Death/Prefab/Rod Of Death.prefab
  artifactKey: Guid(413c47d84d1a20046911d7de6f977649) Importer(815301076,1909f56bfc062723c751e8b465ee728b)
Start importing Assets/Asset Packs/GameDev.tv Assets/Rod of Death/Prefab/Rod Of Death.prefab using Guid(413c47d84d1a20046911d7de6f977649) Importer(815301076,1909f56bfc062723c751e8b465ee728b)  -> (artifact id: 'd39a8488e516bc4f9b81f193d282bc7a') in 0.018824 seconds 
========================================================================
Received Import Request.
  Time since last request: 2.054648 seconds.
  path: Assets/Asset Packs/GameDev.tv Assets/Hoe
  artifactKey: Guid(3040f297e97cf6c40b7beb402c584a77) Importer(815301076,1909f56bfc062723c751e8b465ee728b)
Start importing Assets/Asset Packs/GameDev.tv Assets/Hoe using Guid(3040f297e97cf6c40b7beb402c584a77) Importer(815301076,1909f56bfc062723c751e8b465ee728b)  -> (artifact id: 'ab1ff257ed39df3a0f85aefac2f75748') in 0.009694 seconds 
========================================================================
Received Import Request.
  Time since last request: 0.425612 seconds.
  path: Assets/Asset Packs/GameDev.tv Assets/Hoe/Prefab
  artifactKey: Guid(cb187d309f814e9489830c83718051c0) Importer(815301076,1909f56bfc062723c751e8b465ee728b)
Start importing Assets/Asset Packs/GameDev.tv Assets/Hoe/Prefab using Guid(cb187d309f814e9489830c83718051c0) Importer(815301076,1909f56bfc062723c751e8b465ee728b)  -> (artifact id: '21a1ed0c650f6e49a3ef0bc1102d1c76') in 0.001992 seconds 
========================================================================
Received Import Request.
  Time since last request: 1.870218 seconds.
  path: Assets/Asset Packs/GameDev.tv Assets/Club
  artifactKey: Guid(fd3a78529936b6149acad460f8086aa9) Importer(815301076,1909f56bfc062723c751e8b465ee728b)
Start importing Assets/Asset Packs/GameDev.tv Assets/Club using Guid(fd3a78529936b6149acad460f8086aa9) Importer(815301076,1909f56bfc062723c751e8b465ee728b)  -> (artifact id: '6ac550ec7a23a490acf91f0a714bd723') in 0.009696 seconds 
========================================================================
Received Import Request.
  Time since last request: 0.573181 seconds.
  path: Assets/Asset Packs/GameDev.tv Assets/Club/Materials and Model
  artifactKey: Guid(8df522e931215e04d8a98632c5182581) Importer(815301076,1909f56bfc062723c751e8b465ee728b)
Start importing Assets/Asset Packs/GameDev.tv Assets/Club/Materials and Model using Guid(8df522e931215e04d8a98632c5182581) Importer(815301076,1909f56bfc062723c751e8b465ee728b)  -> (artifact id: '42c9f0d872b46add9a299c057add9999') in 0.009925 seconds 
========================================================================
Received Import Request.
  Time since last request: 0.037550 seconds.
  path: Assets/Asset Packs/GameDev.tv Assets/Club/Materials and Model/SM_Wep_Club_01.fbx
  artifactKey: Guid(a489902bab2ab954b83e07d163c87e3d) Importer(815301076,1909f56bfc062723c751e8b465ee728b)
Start importing Assets/Asset Packs/GameDev.tv Assets/Club/Materials and Model/SM_Wep_Club_01.fbx using Guid(a489902bab2ab954b83e07d163c87e3d) Importer(815301076,1909f56bfc062723c751e8b465ee728b)  -> (artifact id: 'fc942fca8149962543ece5fe0491f7a0') in 0.018221 seconds 
========================================================================
Received Import Request.
  Time since last request: 3.700099 seconds.
  path: Assets/Scripts
  artifactKey: Guid(4da109411c8abf14ebe05c3345050bd4) Importer(815301076,1909f56bfc062723c751e8b465ee728b)
Start importing Assets/Scripts using Guid(4da109411c8abf14ebe05c3345050bd4) Importer(815301076,1909f56bfc062723c751e8b465ee728b)  -> (artifact id: '087a23c11e5e21f4bffc5e7303b0eac2') in 0.010100 seconds 
========================================================================
Received Import Request.
  Time since last request: 4.217072 seconds.
  path: Assets/Game
  artifactKey: Guid(7ab75d07efabc454999643d383704523) Importer(815301076,1909f56bfc062723c751e8b465ee728b)
Start importing Assets/Game using Guid(7ab75d07efabc454999643d383704523) Importer(815301076,1909f56bfc062723c751e8b465ee728b)  -> (artifact id: '5a468e44ecc85ea4fa668175099ed8f0') in 0.009340 seconds 
========================================================================
Received Import Request.
  Time since last request: 4.052240 seconds.
  path: Assets/Game/Pickups
  artifactKey: Guid(65fa67256e830734bb93fb364c785c0d) Importer(815301076,1909f56bfc062723c751e8b465ee728b)
Start importing Assets/Game/Pickups using Guid(65fa67256e830734bb93fb364c785c0d) Importer(815301076,1909f56bfc062723c751e8b465ee728b)  -> (artifact id: '62e415fb1f5dce29fc6db802011bf567') in 0.009258 seconds 
========================================================================
Received Import Request.
  Time since last request: 0.044905 seconds.
  path: Assets/Game/Pickups/Fireball Pickup.prefab
  artifactKey: Guid(bc751394949388f4b9270cb19b495c63) Importer(815301076,1909f56bfc062723c751e8b465ee728b)
Start importing Assets/Game/Pickups/Fireball Pickup.prefab using Guid(bc751394949388f4b9270cb19b495c63) Importer(815301076,1909f56bfc062723c751e8b465ee728b)  -> (artifact id: 'e0d3662d39dc58fb7e718b0e4efa1532') in 0.053323 seconds 
========================================================================
Received Import Request.
  Time since last request: 0.000017 seconds.
  path: Assets/Game/Pickups/Root Pickup.prefab
  artifactKey: Guid(e40e67d62ab6b89468ae7e20c50c4b9e) Importer(815301076,1909f56bfc062723c751e8b465ee728b)
Start importing Assets/Game/Pickups/Root Pickup.prefab using Guid(e40e67d62ab6b89468ae7e20c50c4b9e) Importer(815301076,1909f56bfc062723c751e8b465ee728b)  -> (artifact id: 'f665f0f79be04c1a790cd484363e9274') in 0.011860 seconds 
========================================================================
Received Import Request.
  Time since last request: 7.257923 seconds.
  path: Assets/Asset Packs/Animations by Explosive/2Hand-Sword/RPG-Character@2Hand-Sword-Attack5.FBX
  artifactKey: Guid(04cb27dc01c081446ba2c02f2761f01d) Importer(815301076,1909f56bfc062723c751e8b465ee728b)
Start importing Assets/Asset Packs/Animations by Explosive/2Hand-Sword/RPG-Character@2Hand-Sword-Attack5.FBX using Guid(04cb27dc01c081446ba2c02f2761f01d) Importer(815301076,1909f56bfc062723c751e8b465ee728b)  -> (artifact id: '35933e6f2a739f550385112db5ece51e') in 0.061814 seconds 
========================================================================
Received Import Request.
  Time since last request: 0.000023 seconds.
  path: Assets/Asset Packs/Synty - Polygon Student Sample/Models/SM_Wep_Sword_01.fbx
  artifactKey: Guid(38703959b00cc0145ba1149ca77cac13) Importer(815301076,1909f56bfc062723c751e8b465ee728b)
Start importing Assets/Asset Packs/Synty - Polygon Student Sample/Models/SM_Wep_Sword_01.fbx using Guid(38703959b00cc0145ba1149ca77cac13) Importer(815301076,1909f56bfc062723c751e8b465ee728b)  -> (artifact id: 'aea02e9f006a533e9eb5c1fb87b54cae') in 0.021659 seconds 
========================================================================
Received Import Request.
  Time since last request: 0.000029 seconds.
  path: Assets/Game/Weapons/Resources/Sword.asset
  artifactKey: Guid(d64a307491012e543995a2eef4f8cf74) Importer(815301076,1909f56bfc062723c751e8b465ee728b)
Start importing Assets/Game/Weapons/Resources/Sword.asset using Guid(d64a307491012e543995a2eef4f8cf74) Importer(815301076,1909f56bfc062723c751e8b465ee728b)  -> (artifact id: '4a2e704a76ac4f4447d09d61e409812b') in 0.016441 seconds 
========================================================================
Received Import Request.
  Time since last request: 9.775678 seconds.
  path: Assets/Asset Packs/Synty - Polygon Student Sample/Models/SM_Wep_Sword_01.fbx
  artifactKey: Guid(38703959b00cc0145ba1149ca77cac13) Importer(815301076,1909f56bfc062723c751e8b465ee728b)
Start importing Assets/Asset Packs/Synty - Polygon Student Sample/Models/SM_Wep_Sword_01.fbx using Guid(38703959b00cc0145ba1149ca77cac13) Importer(815301076,1909f56bfc062723c751e8b465ee728b)  -> (artifact id: '7654d3beef87c688edfd6ba72fc7883d') in 0.019956 seconds 
========================================================================
Received Import Request.
  Time since last request: 0.000020 seconds.
  path: Assets/Game/Weapons/Sword/Equipped Sword.prefab
  artifactKey: Guid(c77f288c2f5ccac44bbf4e7d1eb1dee0) Importer(815301076,1909f56bfc062723c751e8b465ee728b)
Start importing Assets/Game/Weapons/Sword/Equipped Sword.prefab using Guid(c77f288c2f5ccac44bbf4e7d1eb1dee0) Importer(815301076,1909f56bfc062723c751e8b465ee728b)  -> (artifact id: '4e771d03b82263e976185a49da4806f2') in 0.009791 seconds 
========================================================================
Received Import Request.
  Time since last request: 13.060241 seconds.
  path: Assets/Asset Packs/GameDev.tv Assets/Pitchfork/Materials and Model/SM_Wep_Pitchfork_01.fbx
  artifactKey: Guid(ff3b4d87e9a2fa446a46d48257dd3659) Importer(815301076,1909f56bfc062723c751e8b465ee728b)
Start importing Assets/Asset Packs/GameDev.tv Assets/Pitchfork/Materials and Model/SM_Wep_Pitchfork_01.fbx using Guid(ff3b4d87e9a2fa446a46d48257dd3659) Importer(815301076,1909f56bfc062723c751e8b465ee728b)  -> (artifact id: 'fabddd966212c7b5ee3aeefcf93cd2b4') in 0.020651 seconds 
========================================================================
Received Import Request.
  Time since last request: 0.000022 seconds.
  path: Assets/Asset Packs/SimpleSky/_Models/SkyDome.fbx
  artifactKey: Guid(1340630fb7a3267499177be33f281f05) Importer(815301076,1909f56bfc062723c751e8b465ee728b)
Start importing Assets/Asset Packs/SimpleSky/_Models/SkyDome.fbx using Guid(1340630fb7a3267499177be33f281f05) Importer(815301076,1909f56bfc062723c751e8b465ee728b)  -> (artifact id: 'e01d4efdbe5a13d3b0838aab928a9701') in 0.052036 seconds 
========================================================================
Received Import Request.
  Time since last request: 3.491795 seconds.
  path: Assets/Game/Pickups/Sword Pickup.prefab
  artifactKey: Guid(fdfb68bd34d88af4fbb8a679645d8598) Importer(815301076,1909f56bfc062723c751e8b465ee728b)
Start importing Assets/Game/Pickups/Sword Pickup.prefab using Guid(fdfb68bd34d88af4fbb8a679645d8598) Importer(815301076,1909f56bfc062723c751e8b465ee728b)  -> (artifact id: 'f266e9c7c3ed1122dbcbcf0d685c78a2') in 0.021412 seconds 
========================================================================
Received Import Request.
  Time since last request: 0.562080 seconds.
  path: Assets/Game/Pickups/Sword Pickup.prefab
  artifactKey: Guid(fdfb68bd34d88af4fbb8a679645d8598) Importer(815301076,1909f56bfc062723c751e8b465ee728b)
Start importing Assets/Game/Pickups/Sword Pickup.prefab using Guid(fdfb68bd34d88af4fbb8a679645d8598) Importer(815301076,1909f56bfc062723c751e8b465ee728b)  -> (artifact id: 'bec2ea1b120bfdcbf4b65686755e47e8') in 0.016165 seconds 
========================================================================
Received Import Request.
  Time since last request: 0.582119 seconds.
  path: Assets/Game/Pickups/Sword Pickup.prefab
  artifactKey: Guid(fdfb68bd34d88af4fbb8a679645d8598) Importer(815301076,1909f56bfc062723c751e8b465ee728b)
Start importing Assets/Game/Pickups/Sword Pickup.prefab using Guid(fdfb68bd34d88af4fbb8a679645d8598) Importer(815301076,1909f56bfc062723c751e8b465ee728b)  -> (artifact id: 'ee8448608e4802f7937ae24091a3d999') in 0.018955 seconds 
========================================================================
Received Import Request.
  Time since last request: 0.784232 seconds.
  path: Assets/Game/Pickups/Sword Pickup.prefab
  artifactKey: Guid(fdfb68bd34d88af4fbb8a679645d8598) Importer(815301076,1909f56bfc062723c751e8b465ee728b)
Start importing Assets/Game/Pickups/Sword Pickup.prefab using Guid(fdfb68bd34d88af4fbb8a679645d8598) Importer(815301076,1909f56bfc062723c751e8b465ee728b)  -> (artifact id: '635fe3a92d215631785c89c39bdf4b60') in 0.019678 seconds 
========================================================================
Received Import Request.
  Time since last request: 15.758590 seconds.
  path: Assets/Asset Packs/GameDev.tv Assets/Simple Arrow/Materials & Meshes/Arrow.mat
  artifactKey: Guid(3482dd3d1cf3c3844b8c2f25b95800a3) Importer(815301076,1909f56bfc062723c751e8b465ee728b)
Start importing Assets/Asset Packs/GameDev.tv Assets/Simple Arrow/Materials & Meshes/Arrow.mat using Guid(3482dd3d1cf3c3844b8c2f25b95800a3) Importer(815301076,1909f56bfc062723c751e8b465ee728b)  -> (artifact id: 'd9c7ef78a888c76a0b6a42763d54c9cf') in 0.022441 seconds 
========================================================================
Received Import Request.
  Time since last request: 0.000026 seconds.
  path: Assets/Asset Packs/Synty - Polygon Student Sample/Materials/Characters_Texture_Orange.mat
  artifactKey: Guid(78be5954566d2d848918e51832341fa3) Importer(815301076,1909f56bfc062723c751e8b465ee728b)
Start importing Assets/Asset Packs/Synty - Polygon Student Sample/Materials/Characters_Texture_Orange.mat using Guid(78be5954566d2d848918e51832341fa3) Importer(815301076,1909f56bfc062723c751e8b465ee728b)  -> (artifact id: 'b475aa80f4ba24c6102c303a13ff330d') in 0.020020 seconds 
========================================================================
Received Import Request.
  Time since last request: 0.000037 seconds.
  path: Assets/Asset Packs/Synty - Polygon Student Sample/Materials/Characters_Texture_Red.mat
  artifactKey: Guid(bfbe2e8b331e2cc42be1591f949c0e41) Importer(815301076,1909f56bfc062723c751e8b465ee728b)
Start importing Assets/Asset Packs/Synty - Polygon Student Sample/Materials/Characters_Texture_Red.mat using Guid(bfbe2e8b331e2cc42be1591f949c0e41) Importer(815301076,1909f56bfc062723c751e8b465ee728b)  -> (artifact id: '85450e0674cfa65f557376db8e9739e8') in 0.017858 seconds 
========================================================================
Received Import Request.
  Time since last request: 1.174301 seconds.
  path: Assets/Game/Weapons/Sword/Equipped Sword.prefab
  artifactKey: Guid(c77f288c2f5ccac44bbf4e7d1eb1dee0) Importer(815301076,1909f56bfc062723c751e8b465ee728b)
Start importing Assets/Game/Weapons/Sword/Equipped Sword.prefab using Guid(c77f288c2f5ccac44bbf4e7d1eb1dee0) Importer(815301076,1909f56bfc062723c751e8b465ee728b)  -> (artifact id: '72bc3a9b4814659802c3613c83ad1678') in 0.016438 seconds 
========================================================================
Received Import Request.
  Time since last request: 14.120352 seconds.
  path: Assets/Asset Packs/Synty - Polygon Student Sample/Prefabs/SM_Wep_Sword_01.prefab
  artifactKey: Guid(13af847dfa6dbe844ba4b7c902f98f67) Importer(815301076,1909f56bfc062723c751e8b465ee728b)
Start importing Assets/Asset Packs/Synty - Polygon Student Sample/Prefabs/SM_Wep_Sword_01.prefab using Guid(13af847dfa6dbe844ba4b7c902f98f67) Importer(815301076,1909f56bfc062723c751e8b465ee728b)  -> (artifact id: '730858956fccbc3d853d88a364b2b809') in 0.008171 seconds 
========================================================================
Received Import Request.
  Time since last request: 0.022190 seconds.
  path: Assets/Game/Weapons/Sword/Equipped Sword.prefab
  artifactKey: Guid(c77f288c2f5ccac44bbf4e7d1eb1dee0) Importer(815301076,1909f56bfc062723c751e8b465ee728b)
Start importing Assets/Game/Weapons/Sword/Equipped Sword.prefab using Guid(c77f288c2f5ccac44bbf4e7d1eb1dee0) Importer(815301076,1909f56bfc062723c751e8b465ee728b)  -> (artifact id: 'c07c65d3ce6a75c66b20b43f2676258b') in 0.010168 seconds 
========================================================================
Received Prepare
Registering precompiled user dll's ...
Registered in 0.003463 seconds.
Begin MonoManager ReloadAssembly
Native extension for WindowsStandalone target not found
Refreshing native plugins compatible for Editor in 0.75 ms, found 2 plugins.
Preloading 0 native plugins for Editor in 0.00 ms.
[Package Manager] Server::EnsureServerProcessIsRunning -- launch failed, reason: Unity was launched with the -noUpm command-line argument
[Package Manager] UpmClient::Send -- Unable to send message (not connected to UPM process).
[Package Manager] Cannot connect to Unity Package Manager local server
Mono: successfully reloaded assembly
- Completed reload, in  1.100 seconds
Domain Reload Profiling:
	ReloadAssembly (1101ms)
		BeginReloadAssembly (135ms)
			ExecutionOrderSort (0ms)
			DisableScriptedObjects (6ms)
			BackupInstance (0ms)
			ReleaseScriptingObjects (0ms)
			CreateAndSetChildDomain (37ms)
		EndReloadAssembly (855ms)
			LoadAssemblies (77ms)
			RebuildTransferFunctionScriptingTraits (0ms)
			SetupTypeCache (187ms)
				TypeCache.Initialize (184ms)
					TypeCache.ScanAssembly (180ms)
				ResolveRequiredComponents (4ms)
			ReleaseScriptCaches (1ms)
			RebuildScriptCaches (37ms)
			SetupLoadedEditorAssemblies (509ms)
				LogAssemblyErrors (0ms)
				InitializePlatformSupportModulesInManaged (11ms)
				SetLoadedEditorAssemblies (9ms)
				RefreshPlugins (1ms)
				BeforeProcessingInitializeOnLoad (60ms)
				ProcessInitializeOnLoadAttributes (266ms)
				ProcessInitializeOnLoadMethodAttributes (154ms)
				AfterProcessingInitializeOnLoad (7ms)
				EditorAssembliesLoaded (0ms)
			ExecutionOrderSort2 (0ms)
			AwakeInstancesAfterBackupRestoration (8ms)
Platform modules already initialized, skipping
Refreshing native plugins compatible for Editor in 3.95 ms, found 2 plugins.
Preloading 0 native plugins for Editor in 0.00 ms.
Unloading 2415 Unused Serialized files (Serialized files now loaded: 0)
Unloading 36 unused Assets / (95.4 KB). Loaded Objects now: 2958.
Memory consumption went from 404.9 MB to 404.8 MB.
Total: 6.539800 ms (FindLiveObjects: 0.268700 ms CreateObjectMapping: 0.058300 ms MarkObjects: 6.153200 ms  DeleteObjects: 0.058100 ms)

AssetImportParameters requested are different than current active one (requested -> active):
  custom:video-decoder-ogg-theora: a1e56fd34408186e4bbccfd4996cb3dc -> 
  custom:container-muxer-webm: aa71ff27fc2769a1b78a27578f13a17b -> 
  custom:container-demuxer-webm: 4f35f7cbe854078d1ac9338744f61a02 -> 
  custom:video-encoder-webm-vp8: eb34c28f22e8b96e1ab97ce403110664 -> 
  custom:video-codec-MediaFoundation-h265: 746d11721c4dcdbdad8f713fa42b33f4 -> 
  custom:audio-encoder-webm-vorbis: bf7c407c2cedff20999df2af8eb42d56 -> 
  custom:framework-win-MediaFoundation: 216162199b28c13a410421893ffa2e32 -> 
  custom:container-demuxer-ogg: 62fdf1f143b41e24485cea50d1cbac27 -> 
  custom:video-decoder-webm-vp8: 9c59270c3fd7afecdb556c50c9e8de78 -> 
  custom:audio-decoder-ogg-vorbis: bf7c407c2cedff20999df2af8eb42d56 -> 
========================================================================
Received Import Request.
  Time since last request: 28.756526 seconds.
  path: Assets/Asset Packs/BOXOPHOBIC/Skybox Cubemap Extended/Materials/LowPoly - FirTree.mat
  artifactKey: Guid(138b35dd321622a4d93635b532ae8b8e) Importer(815301076,1909f56bfc062723c751e8b465ee728b)
Start importing Assets/Asset Packs/BOXOPHOBIC/Skybox Cubemap Extended/Materials/LowPoly - FirTree.mat using Guid(138b35dd321622a4d93635b532ae8b8e) Importer(815301076,1909f56bfc062723c751e8b465ee728b)  -> (artifact id: 'b3716e632c7dce1ce2ab9634f729afcb') in 0.084889 seconds 
========================================================================
Received Import Request.
  Time since last request: 0.000017 seconds.
  path: Assets/Asset Packs/Synty - Polygon Student Sample/Prefabs/SM_Env_TreeLog_01.prefab
  artifactKey: Guid(e0bcb36554be1124b8a89d63037350be) Importer(815301076,1909f56bfc062723c751e8b465ee728b)
Start importing Assets/Asset Packs/Synty - Polygon Student Sample/Prefabs/SM_Env_TreeLog_01.prefab using Guid(e0bcb36554be1124b8a89d63037350be) Importer(815301076,1909f56bfc062723c751e8b465ee728b)  -> (artifact id: 'fa63f1534aa5032e324bdbdd22aa3581') in 0.027651 seconds 
========================================================================
Received Import Request.
  Time since last request: 0.000021 seconds.
  path: Assets/Asset Packs/Synty - Polygon Student Sample/Prefabs/SM_Env_Tree_010.prefab
  artifactKey: Guid(d556d30cab334dd449000218c87322ef) Importer(815301076,1909f56bfc062723c751e8b465ee728b)
Start importing Assets/Asset Packs/Synty - Polygon Student Sample/Prefabs/SM_Env_Tree_010.prefab using Guid(d556d30cab334dd449000218c87322ef) Importer(815301076,1909f56bfc062723c751e8b465ee728b)  -> (artifact id: 'eb20cbf0b1354e764230cc69a13b05a9') in 0.013692 seconds 
========================================================================
Received Import Request.
  Time since last request: 8.819600 seconds.
  path: Assets/Asset Packs/Synty - Polygon Student Sample/Models/SM_Env_Tree_03.fbx
  artifactKey: Guid(189a561530b276147a2f2c200d715a84) Importer(815301076,1909f56bfc062723c751e8b465ee728b)
Start importing Assets/Asset Packs/Synty - Polygon Student Sample/Models/SM_Env_Tree_03.fbx using Guid(189a561530b276147a2f2c200d715a84) Importer(815301076,1909f56bfc062723c751e8b465ee728b)  -> (artifact id: '9da6335e0d34d4d97e60ecb0ffcc3f43') in 0.026088 seconds 
========================================================================
Received Import Request.
  Time since last request: 0.004226 seconds.
  path: Assets/Asset Packs/Synty - Polygon Student Sample/Prefabs/SM_Env_Tree_03.prefab
  artifactKey: Guid(653c97bd88b4b084d87714542c43ee5a) Importer(815301076,1909f56bfc062723c751e8b465ee728b)
Start importing Assets/Asset Packs/Synty - Polygon Student Sample/Prefabs/SM_Env_Tree_03.prefab using Guid(653c97bd88b4b084d87714542c43ee5a) Importer(815301076,1909f56bfc062723c751e8b465ee728b)  -> (artifact id: 'ba035c4240dfe37ca17cd2531eeeee7c') in 0.007481 seconds 
========================================================================
Received Import Request.
  Time since last request: 6.064324 seconds.
  path: Assets/Asset Packs/Synty - Polygon Student Sample/Prefabs/SM_Env_Tree_03.prefab
  artifactKey: Guid(653c97bd88b4b084d87714542c43ee5a) Importer(815301076,1909f56bfc062723c751e8b465ee728b)
Start importing Assets/Asset Packs/Synty - Polygon Student Sample/Prefabs/SM_Env_Tree_03.prefab using Guid(653c97bd88b4b084d87714542c43ee5a) Importer(815301076,1909f56bfc062723c751e8b465ee728b)  -> (artifact id: 'be4debfb68729fa8e7632b0a2a0963a6') in 0.013196 seconds 
========================================================================
Received Import Request.
  Time since last request: 4.047401 seconds.
  path: Assets/Asset Packs/Synty - Polygon Student Sample/Prefabs/SM_Env_Tree_010.prefab
  artifactKey: Guid(d556d30cab334dd449000218c87322ef) Importer(815301076,1909f56bfc062723c751e8b465ee728b)
Start importing Assets/Asset Packs/Synty - Polygon Student Sample/Prefabs/SM_Env_Tree_010.prefab using Guid(d556d30cab334dd449000218c87322ef) Importer(815301076,1909f56bfc062723c751e8b465ee728b)  -> (artifact id: '021c5cdc0651a01ffdbf8a87e096455a') in 0.013562 seconds 
========================================================================
Received Import Request.
  Time since last request: 4.651440 seconds.
  path: Assets/Asset Packs/Synty - Polygon Student Sample/Prefabs/SM_Env_TreeLog_01.prefab
  artifactKey: Guid(e0bcb36554be1124b8a89d63037350be) Importer(815301076,1909f56bfc062723c751e8b465ee728b)
Start importing Assets/Asset Packs/Synty - Polygon Student Sample/Prefabs/SM_Env_TreeLog_01.prefab using Guid(e0bcb36554be1124b8a89d63037350be) Importer(815301076,1909f56bfc062723c751e8b465ee728b)  -> (artifact id: '7f9a4a4d91f192558f01acb560c939e9') in 0.013604 seconds 
========================================================================
Received Import Request.
  Time since last request: 47.632635 seconds.
  path: Assets/Asset Packs/SimpleFX/Materials/FX_Splash.mat
  artifactKey: Guid(1ee00051305bdb049b02c923f047227d) Importer(815301076,1909f56bfc062723c751e8b465ee728b)
Start importing Assets/Asset Packs/SimpleFX/Materials/FX_Splash.mat using Guid(1ee00051305bdb049b02c923f047227d) Importer(815301076,1909f56bfc062723c751e8b465ee728b)  -> (artifact id: 'bdefd5b136e37dd78dbf137663e96e71') in 0.017187 seconds 
========================================================================
Received Import Request.
  Time since last request: 0.000019 seconds.
  path: Assets/Asset Packs/BOXOPHOBIC/Skybox Cubemap Extended/Materials/LowPoly - Terrain.mat
  artifactKey: Guid(2557d3f1d341fdb4e9d53179c053ffd5) Importer(815301076,1909f56bfc062723c751e8b465ee728b)
Start importing Assets/Asset Packs/BOXOPHOBIC/Skybox Cubemap Extended/Materials/LowPoly - Terrain.mat using Guid(2557d3f1d341fdb4e9d53179c053ffd5) Importer(815301076,1909f56bfc062723c751e8b465ee728b)  -> (artifact id: 'ea5aeddd7c1c37ab5a782a6d35a177ad') in 0.016155 seconds 
========================================================================
Received Import Request.
  Time since last request: 0.000024 seconds.
  path: Assets/Asset Packs/BOXOPHOBIC/Skybox Cubemap Extended/Materials/LowPoly - Rock.mat
  artifactKey: Guid(37524ae4594222f4f8acd7b76234f79a) Importer(815301076,1909f56bfc062723c751e8b465ee728b)
Start importing Assets/Asset Packs/BOXOPHOBIC/Skybox Cubemap Extended/Materials/LowPoly - Rock.mat using Guid(37524ae4594222f4f8acd7b76234f79a) Importer(815301076,1909f56bfc062723c751e8b465ee728b)  -> (artifact id: 'a15a497aa3ff939f3e70ea4a650a824c') in 0.015422 seconds 
========================================================================
Received Import Request.
  Time since last request: 4.908734 seconds.
  path: Assets/Asset Packs/BOXOPHOBIC/Skybox Cubemap Extended/Materials/LowPoly - Wood.mat
  artifactKey: Guid(ff059fc016fcf8d4a88162b27e334cba) Importer(815301076,1909f56bfc062723c751e8b465ee728b)
Start importing Assets/Asset Packs/BOXOPHOBIC/Skybox Cubemap Extended/Materials/LowPoly - Wood.mat using Guid(ff059fc016fcf8d4a88162b27e334cba) Importer(815301076,1909f56bfc062723c751e8b465ee728b)  -> (artifact id: '4eff4c361c348a3a31e1bee4032ecf68') in 0.020748 seconds 
========================================================================
Received Import Request.
  Time since last request: 0.047750 seconds.
  path: Assets/Asset Packs/Synty - Polygon Student Sample/Materials/PolyAdventureTexture_01.mat
  artifactKey: Guid(bf3095d4f54d0e8479e4493a6b87ddc2) Importer(815301076,1909f56bfc062723c751e8b465ee728b)
Start importing Assets/Asset Packs/Synty - Polygon Student Sample/Materials/PolyAdventureTexture_01.mat using Guid(bf3095d4f54d0e8479e4493a6b87ddc2) Importer(815301076,1909f56bfc062723c751e8b465ee728b)  -> (artifact id: '815905d0f1301b893c1ea06adf73210e') in 0.016434 seconds 
========================================================================
Received Import Request.
  Time since last request: 0.203548 seconds.
  path: Assets/Asset Packs/Synty - Polygon Student Sample/Materials/PolygonSamurai_Mat_01.mat
  artifactKey: Guid(4eaaa3032586832468e97a6452e498a4) Importer(815301076,1909f56bfc062723c751e8b465ee728b)
Start importing Assets/Asset Packs/Synty - Polygon Student Sample/Materials/PolygonSamurai_Mat_01.mat using Guid(4eaaa3032586832468e97a6452e498a4) Importer(815301076,1909f56bfc062723c751e8b465ee728b)  -> (artifact id: '546bf55f3fd5c0238f81f17ced30f744') in 0.020962 seconds 
========================================================================
Received Import Request.
  Time since last request: 0.452625 seconds.
  path: Assets/Asset Packs/Synty - Polygon Student Sample/Materials/PolyKnights_Character_Mat_Black.mat
  artifactKey: Guid(ccae2dc6cf6f0c4479b782fedd0c8172) Importer(815301076,1909f56bfc062723c751e8b465ee728b)
Start importing Assets/Asset Packs/Synty - Polygon Student Sample/Materials/PolyKnights_Character_Mat_Black.mat using Guid(ccae2dc6cf6f0c4479b782fedd0c8172) Importer(815301076,1909f56bfc062723c751e8b465ee728b)  -> (artifact id: 'a4fb6ad69191f8885d6b316956cc7735') in 0.016408 seconds 
========================================================================
Received Import Request.
  Time since last request: 0.660102 seconds.
  path: Assets/Asset Packs/Synty - Polygon Student Sample/Prefabs/SM_Env_Tree_03.prefab
  artifactKey: Guid(653c97bd88b4b084d87714542c43ee5a) Importer(815301076,1909f56bfc062723c751e8b465ee728b)
Start importing Assets/Asset Packs/Synty - Polygon Student Sample/Prefabs/SM_Env_Tree_03.prefab using Guid(653c97bd88b4b084d87714542c43ee5a) Importer(815301076,1909f56bfc062723c751e8b465ee728b)  -> (artifact id: '55b61c70c1c68195516978aa5fc7770e') in 0.013524 seconds 
========================================================================
Received Import Request.
  Time since last request: 1.195722 seconds.
  path: Assets/Asset Packs/Synty - Polygon Student Sample/Prefabs/SM_Env_Tree_03.prefab
  artifactKey: Guid(653c97bd88b4b084d87714542c43ee5a) Importer(815301076,1909f56bfc062723c751e8b465ee728b)
Start importing Assets/Asset Packs/Synty - Polygon Student Sample/Prefabs/SM_Env_Tree_03.prefab using Guid(653c97bd88b4b084d87714542c43ee5a) Importer(815301076,1909f56bfc062723c751e8b465ee728b)  -> (artifact id: 'f86299d44d3d525f6928f8a31c799ac1') in 0.013750 seconds 
========================================================================
Received Import Request.
  Time since last request: 6.315893 seconds.
  path: Assets/Asset Packs/Synty - Polygon Student Sample/Materials/PolyKnights_Mat_01.mat
  artifactKey: Guid(31b16fd87cf33014c946e9d512d1e03c) Importer(815301076,1909f56bfc062723c751e8b465ee728b)
Start importing Assets/Asset Packs/Synty - Polygon Student Sample/Materials/PolyKnights_Mat_01.mat using Guid(31b16fd87cf33014c946e9d512d1e03c) Importer(815301076,1909f56bfc062723c751e8b465ee728b)  -> (artifact id: 'f32107c91a445d65a082c8016e26e688') in 0.015981 seconds 
========================================================================
Received Import Request.
  Time since last request: 0.347797 seconds.
  path: Assets/Asset Packs/Synty - Polygon Student Sample/Materials/PolyVikings_Material_01.mat
  artifactKey: Guid(eb83b2b658dfc194e8b26c4421e3c748) Importer(815301076,1909f56bfc062723c751e8b465ee728b)
Start importing Assets/Asset Packs/Synty - Polygon Student Sample/Materials/PolyVikings_Material_01.mat using Guid(eb83b2b658dfc194e8b26c4421e3c748) Importer(815301076,1909f56bfc062723c751e8b465ee728b)  -> (artifact id: '6c2e8692697d531b6739da5016d7bdce') in 0.019576 seconds 
========================================================================
Received Import Request.
  Time since last request: 0.556189 seconds.
  path: Assets/Asset Packs/Synty - Polygon Student Sample/Prefabs/SM_Env_Tree_010.prefab
  artifactKey: Guid(d556d30cab334dd449000218c87322ef) Importer(815301076,1909f56bfc062723c751e8b465ee728b)
Start importing Assets/Asset Packs/Synty - Polygon Student Sample/Prefabs/SM_Env_Tree_010.prefab using Guid(d556d30cab334dd449000218c87322ef) Importer(815301076,1909f56bfc062723c751e8b465ee728b)  -> (artifact id: '82e6ff8d158a4080f8653dd92b7fd2b5') in 0.013098 seconds 
========================================================================
Received Import Request.
  Time since last request: 1.148304 seconds.
  path: Assets/Asset Packs/Synty - Polygon Student Sample/Prefabs/SM_Env_Tree_010.prefab
  artifactKey: Guid(d556d30cab334dd449000218c87322ef) Importer(815301076,1909f56bfc062723c751e8b465ee728b)
Start importing Assets/Asset Packs/Synty - Polygon Student Sample/Prefabs/SM_Env_Tree_010.prefab using Guid(d556d30cab334dd449000218c87322ef) Importer(815301076,1909f56bfc062723c751e8b465ee728b)  -> (artifact id: 'c7be42fb13c2ff12a64d97b339a5d7aa') in 0.014132 seconds 
========================================================================
Received Import Request.
  Time since last request: 0.494312 seconds.
  path: Assets/Asset Packs/Synty - Polygon Student Sample/Prefabs/SM_Env_Tree_010.prefab
  artifactKey: Guid(d556d30cab334dd449000218c87322ef) Importer(815301076,1909f56bfc062723c751e8b465ee728b)
Start importing Assets/Asset Packs/Synty - Polygon Student Sample/Prefabs/SM_Env_Tree_010.prefab using Guid(d556d30cab334dd449000218c87322ef) Importer(815301076,1909f56bfc062723c751e8b465ee728b)  -> (artifact id: '45bfe34469ee570b6d59b23de743e9a3') in 0.014141 seconds 
========================================================================
Received Import Request.
  Time since last request: 0.484957 seconds.
  path: Assets/Asset Packs/Synty - Polygon Student Sample/Prefabs/SM_Env_Tree_010.prefab
  artifactKey: Guid(d556d30cab334dd449000218c87322ef) Importer(815301076,1909f56bfc062723c751e8b465ee728b)
Start importing Assets/Asset Packs/Synty - Polygon Student Sample/Prefabs/SM_Env_Tree_010.prefab using Guid(d556d30cab334dd449000218c87322ef) Importer(815301076,1909f56bfc062723c751e8b465ee728b)  -> (artifact id: 'e3ab23f350987f0efe73683ea7922d0e') in 0.014795 seconds 
========================================================================
Received Import Request.
  Time since last request: 123.897909 seconds.
  path: Assets/Asset Packs/Animations by Explosive/2Hand-Club/RPG-Character@2Hand-Club-Attack8.FBX
  artifactKey: Guid(431be525a743d9a44bd889d99f039ec6) Importer(815301076,1909f56bfc062723c751e8b465ee728b)
Start importing Assets/Asset Packs/Animations by Explosive/2Hand-Club/RPG-Character@2Hand-Club-Attack8.FBX using Guid(431be525a743d9a44bd889d99f039ec6) Importer(815301076,1909f56bfc062723c751e8b465ee728b)  -> (artifact id: '403a2e796fde1d109c8c04fd5312c03f') in 0.041174 seconds 
========================================================================
Received Import Request.
  Time since last request: 0.000028 seconds.
  path: Assets/Asset Packs/GameDev.tv Assets/SFX/Death/death4.mp3
  artifactKey: Guid(1bf9ee80f2374534b80d6c5880558f5e) Importer(815301076,1909f56bfc062723c751e8b465ee728b)
Start importing Assets/Asset Packs/GameDev.tv Assets/SFX/Death/death4.mp3 using Guid(1bf9ee80f2374534b80d6c5880558f5e) Importer(815301076,1909f56bfc062723c751e8b465ee728b)  -> (artifact id: '551d22cce0b1a5194f763e23d10f7ce0') in 0.089802 seconds 
========================================================================
Received Import Request.
  Time since last request: 0.000023 seconds.
  path: Assets/Asset Packs/SimpleFX/Models/FX_PoolSplash_02.fbx
  artifactKey: Guid(7f803617a1072ec42820168bc40edb46) Importer(815301076,1909f56bfc062723c751e8b465ee728b)
Start importing Assets/Asset Packs/SimpleFX/Models/FX_PoolSplash_02.fbx using Guid(7f803617a1072ec42820168bc40edb46) Importer(815301076,1909f56bfc062723c751e8b465ee728b)  -> (artifact id: '8c86347a220c68778c3eaa41c3969af8') in 0.019100 seconds 
========================================================================
Received Import Request.
  Time since last request: 0.000027 seconds.
  path: Assets/Game/UI/In Game/Health Bar.prefab
  artifactKey: Guid(e017b729393195445bb28e6d899d2d1f) Importer(815301076,1909f56bfc062723c751e8b465ee728b)
Start importing Assets/Game/UI/In Game/Health Bar.prefab using Guid(e017b729393195445bb28e6d899d2d1f) Importer(815301076,1909f56bfc062723c751e8b465ee728b)  -> (artifact id: '6ffadfd612237c3a7f872dba0b0c4872') in 0.016686 seconds 
========================================================================
Received Import Request.
  Time since last request: 0.000030 seconds.
  path: Assets/Asset Packs/GameDev.tv Assets/Self Heal/Heal Particle.png
  artifactKey: Guid(5fa7347902ea5c840b59ba13871b9838) Importer(815301076,1909f56bfc062723c751e8b465ee728b)
Start importing Assets/Asset Packs/GameDev.tv Assets/Self Heal/Heal Particle.png using Guid(5fa7347902ea5c840b59ba13871b9838) Importer(815301076,1909f56bfc062723c751e8b465ee728b)  -> (artifact id: '4ab1f8c31a65c02f8fc82cc6418d5cb0') in 0.019664 seconds 
========================================================================
Received Import Request.
  Time since last request: 0.000025 seconds.
  path: Assets/Asset Packs/Synty - Polygon Student Sample/Textures/Characters_Texture_Red.png
  artifactKey: Guid(881cde1dc105a5744b78cf3bf14f25cc) Importer(815301076,1909f56bfc062723c751e8b465ee728b)
Start importing Assets/Asset Packs/Synty - Polygon Student Sample/Textures/Characters_Texture_Red.png using Guid(881cde1dc105a5744b78cf3bf14f25cc) Importer(815301076,1909f56bfc062723c751e8b465ee728b)  -> (artifact id: '9f3762578f0f0a67708235bf3c51e99f') in 0.013555 seconds 
========================================================================
Received Import Request.
  Time since last request: 0.000026 seconds.
  path: Assets/Asset Packs/GameDev.tv Assets/SFX/Death/death3.mp3
  artifactKey: Guid(677a588867b19234ba2e66c09d82ba28) Importer(815301076,1909f56bfc062723c751e8b465ee728b)
Start importing Assets/Asset Packs/GameDev.tv Assets/SFX/Death/death3.mp3 using Guid(677a588867b19234ba2e66c09d82ba28) Importer(815301076,1909f56bfc062723c751e8b465ee728b)  -> (artifact id: '33235c783ada70f8be34c60df723334a') in 0.013828 seconds 
========================================================================
Received Import Request.
  Time since last request: 0.000026 seconds.
  path: Assets/Asset Packs/SimpleFX/Models/FX_PoolSplash_03.fbx
  artifactKey: Guid(104d9f0364dc5e8438f4350ff7e726dd) Importer(815301076,1909f56bfc062723c751e8b465ee728b)
Start importing Assets/Asset Packs/SimpleFX/Models/FX_PoolSplash_03.fbx using Guid(104d9f0364dc5e8438f4350ff7e726dd) Importer(815301076,1909f56bfc062723c751e8b465ee728b)  -> (artifact id: 'd4978add01af58c41785c9ddaf9e2e5d') in 0.021211 seconds 
========================================================================
Received Import Request.
  Time since last request: 0.000023 seconds.
  path: Assets/Asset Packs/GameDev.tv Assets/Hoe/Materials and Model/Dirty Old Hoe.png
  artifactKey: Guid(40af5c0a14a886e45a144a2a9dce3977) Importer(815301076,1909f56bfc062723c751e8b465ee728b)
Start importing Assets/Asset Packs/GameDev.tv Assets/Hoe/Materials and Model/Dirty Old Hoe.png using Guid(40af5c0a14a886e45a144a2a9dce3977) Importer(815301076,1909f56bfc062723c751e8b465ee728b)  -> (artifact id: '3cb9dfe278cd285efe46b897357673a1') in 0.012358 seconds 
========================================================================
Received Import Request.
  Time since last request: 0.000019 seconds.
  path: Assets/Asset Packs/Synty - Polygon Student Sample/Textures/Characters_Texture_Blue.png
  artifactKey: Guid(3d337c96239e1f746a3c65eb5d66a678) Importer(815301076,1909f56bfc062723c751e8b465ee728b)
Start importing Assets/Asset Packs/Synty - Polygon Student Sample/Textures/Characters_Texture_Blue.png using Guid(3d337c96239e1f746a3c65eb5d66a678) Importer(815301076,1909f56bfc062723c751e8b465ee728b)  -> (artifact id: 'd62b5b0e69f6fb454835365d3df7a96a') in 0.014506 seconds 
========================================================================
Received Import Request.
  Time since last request: 0.000025 seconds.
  path: Assets/Asset Packs/SimpleFX/Models/FX_PoolSplash_01.fbx
  artifactKey: Guid(89f5c0aef85208c47827ce19d9767acb) Importer(815301076,1909f56bfc062723c751e8b465ee728b)
Start importing Assets/Asset Packs/SimpleFX/Models/FX_PoolSplash_01.fbx using Guid(89f5c0aef85208c47827ce19d9767acb) Importer(815301076,1909f56bfc062723c751e8b465ee728b)  -> (artifact id: '387b88628b45ffa7ad8f298f68048cf9') in 0.015913 seconds 
========================================================================
Received Import Request.
  Time since last request: 0.000024 seconds.
  path: Assets/Asset Packs/SimpleFX/Prefabs/FX_FlameThrower.prefab
  artifactKey: Guid(5cd5599e01f32bd418f20a3b9eac1c57) Importer(815301076,1909f56bfc062723c751e8b465ee728b)
Start importing Assets/Asset Packs/SimpleFX/Prefabs/FX_FlameThrower.prefab using Guid(5cd5599e01f32bd418f20a3b9eac1c57) Importer(815301076,1909f56bfc062723c751e8b465ee728b)  -> (artifact id: '12f224434fc24c9b241fbce835fd2d62') in 0.020519 seconds 
========================================================================
Received Import Request.
  Time since last request: 0.000028 seconds.
  path: Assets/Asset Packs/SimpleFX/Prefabs/FX_PoolSplash_03.prefab
  artifactKey: Guid(b147df4880cd0df449352ee652f14686) Importer(815301076,1909f56bfc062723c751e8b465ee728b)
Start importing Assets/Asset Packs/SimpleFX/Prefabs/FX_PoolSplash_03.prefab using Guid(b147df4880cd0df449352ee652f14686) Importer(815301076,1909f56bfc062723c751e8b465ee728b)  -> (artifact id: 'f9c71b4de63b22e561929336f312eac7') in 0.015362 seconds 
========================================================================
Received Import Request.
  Time since last request: 0.296669 seconds.
  path: Assets/Asset Packs/Synty - Polygon Student Sample/Models/SM_Bld_House_Base_01.fbx
  artifactKey: Guid(3575b401828b93647871254a386a8c57) Importer(815301076,1909f56bfc062723c751e8b465ee728b)
Start importing Assets/Asset Packs/Synty - Polygon Student Sample/Models/SM_Bld_House_Base_01.fbx using Guid(3575b401828b93647871254a386a8c57) Importer(815301076,1909f56bfc062723c751e8b465ee728b)  -> (artifact id: 'b24e32e34f9eece4a07f5b0327d9add5') in 0.022298 seconds 
========================================================================
Received Import Request.
  Time since last request: 0.000026 seconds.
  path: Assets/Asset Packs/Synty - Polygon Student Sample/Prefabs/SM_Bld_House_Roof_Wood_01.prefab
  artifactKey: Guid(2b98fd7ecd6a2024e863e0a87aba16c5) Importer(815301076,1909f56bfc062723c751e8b465ee728b)
Start importing Assets/Asset Packs/Synty - Polygon Student Sample/Prefabs/SM_Bld_House_Roof_Wood_01.prefab using Guid(2b98fd7ecd6a2024e863e0a87aba16c5) Importer(815301076,1909f56bfc062723c751e8b465ee728b)  -> (artifact id: 'afa228740ebe307b3a97b99c9c3b11ce') in 0.017669 seconds 
========================================================================
Received Import Request.
  Time since last request: 0.000030 seconds.
  path: Assets/Asset Packs/Synty - Polygon Student Sample/Models/SM_Bld_House_Roof_Wood_01.fbx
  artifactKey: Guid(77b34bb6ede1cbe408ac8dbcd04298c0) Importer(815301076,1909f56bfc062723c751e8b465ee728b)
Start importing Assets/Asset Packs/Synty - Polygon Student Sample/Models/SM_Bld_House_Roof_Wood_01.fbx using Guid(77b34bb6ede1cbe408ac8dbcd04298c0) Importer(815301076,1909f56bfc062723c751e8b465ee728b)  -> (artifact id: 'f48c17fa329d84a65e51fd806802d982') in 0.019960 seconds 
========================================================================
Received Import Request.
  Time since last request: 135.318230 seconds.
  path: Assets/Game/Core/Portal.prefab
  artifactKey: Guid(3339ae27aea46de49ba3f82a5cb8e0dd) Importer(815301076,1909f56bfc062723c751e8b465ee728b)
Start importing Assets/Game/Core/Portal.prefab using Guid(3339ae27aea46de49ba3f82a5cb8e0dd) Importer(815301076,1909f56bfc062723c751e8b465ee728b)  -> (artifact id: '0fe9207f5f2af91a83a5a576043405ed') in 0.010673 seconds 
========================================================================
Received Import Request.
  Time since last request: 0.006573 seconds.
  path: Assets/Asset Packs/Synty - Polygon Student Sample/Models/SM_Env_FloorTile_01.fbx
  artifactKey: Guid(559a8d06c693aea4abc7298adcde2f04) Importer(815301076,1909f56bfc062723c751e8b465ee728b)
Start importing Assets/Asset Packs/Synty - Polygon Student Sample/Models/SM_Env_FloorTile_01.fbx using Guid(559a8d06c693aea4abc7298adcde2f04) Importer(815301076,1909f56bfc062723c751e8b465ee728b)  -> (artifact id: 'ddccfb97032affbbe2941176bdccea1d') in 0.021935 seconds 
========================================================================
Received Import Request.
  Time since last request: 0.000040 seconds.
  path: Assets/Asset Packs/Synty - Polygon Student Sample/Models/SM_Env_FloorTile_05.fbx
  artifactKey: Guid(57866f6a7e7c90341bd0cf0d03e1831a) Importer(815301076,1909f56bfc062723c751e8b465ee728b)
Start importing Assets/Asset Packs/Synty - Polygon Student Sample/Models/SM_Env_FloorTile_05.fbx using Guid(57866f6a7e7c90341bd0cf0d03e1831a) Importer(815301076,1909f56bfc062723c751e8b465ee728b)  -> (artifact id: 'cc2bbf655af49783aa1ba0ee6e202f86') in 0.020830 seconds 
========================================================================
Received Import Request.
  Time since last request: 0.000019 seconds.
  path: Assets/Asset Packs/Synty - Polygon Student Sample/Prefabs/SM_Env_FloorTile_05.prefab
  artifactKey: Guid(07ace05306ce58d49963df7396227e22) Importer(815301076,1909f56bfc062723c751e8b465ee728b)
Start importing Assets/Asset Packs/Synty - Polygon Student Sample/Prefabs/SM_Env_FloorTile_05.prefab using Guid(07ace05306ce58d49963df7396227e22) Importer(815301076,1909f56bfc062723c751e8b465ee728b)  -> (artifact id: '8746a245bbc0e915b94e74e86aaa7bb8') in 0.014878 seconds 
Editor requested this worker to shutdown with reason: Scaling down because of idle timeout
AssetImportWorker is now disconnected from the server
Process exiting
Exiting without the bug reporter. Application will terminate with return code 0